<testsuites id="" name="" tests="50" failures="1" skipped="0" errors="0" time="82.62025299999999">
<testsuite name="visual\visual.spec.ts" timestamp="2026-07-13T09:22:21.323Z" hostname="chromium" tests="10" failures="0" skipped="0" time="13.943" errors="0">
<testcase name="RAIA Visual Regression Baseline Screenshots › Home page visual snapshot" classname="visual\visual.spec.ts" time="1.628">
</testcase>
<testcase name="RAIA Visual Regression Baseline Screenshots › Metamodel page visual snapshot" classname="visual\visual.spec.ts" time="1.504">
</testcase>
<testcase name="RAIA Visual Regression Baseline Screenshots › Value Chain initial map visual snapshot" classname="visual\visual.spec.ts" time="1.163">
</testcase>
<testcase name="RAIA Visual Regression Baseline Screenshots › Value Chain filtered map visual snapshot" classname="visual\visual.spec.ts" time="1.281">
</testcase>
<testcase name="RAIA Visual Regression Baseline Screenshots › Value Chain sidebar active visual snapshot" classname="visual\visual.spec.ts" time="1.545">
</testcase>
<testcase name="RAIA Visual Regression Baseline Screenshots › Business Scenarios list visual snapshot" classname="visual\visual.spec.ts" time="2.294">
</testcase>
<testcase name="RAIA Visual Regression Baseline Screenshots › Business Scenario with active step visual snapshot" classname="visual\visual.spec.ts" time="1.263">
</testcase>
<testcase name="RAIA Visual Regression Baseline Screenshots › Business Scenario diagram fullscreen visual snapshot" classname="visual\visual.spec.ts" time="1.541">
</testcase>
<testcase name="RAIA Visual Regression Baseline Screenshots › Dashboard page visual snapshot" classname="visual\visual.spec.ts" time="0.924">
</testcase>
<testcase name="RAIA Visual Regression Baseline Screenshots › Releases page visual snapshot" classname="visual\visual.spec.ts" time="0.8">
</testcase>
</testsuite>
<testsuite name="visual\visual.spec.ts" timestamp="2026-07-13T09:22:21.323Z" hostname="firefox" tests="10" failures="0" skipped="0" time="34.973" errors="0">
<testcase name="RAIA Visual Regression Baseline Screenshots › Home page visual snapshot" classname="visual\visual.spec.ts" time="6.873">
</testcase>
<testcase name="RAIA Visual Regression Baseline Screenshots › Metamodel page visual snapshot" classname="visual\visual.spec.ts" time="5.862">
</testcase>
<testcase name="RAIA Visual Regression Baseline Screenshots › Value Chain initial map visual snapshot" classname="visual\visual.spec.ts" time="3.523">
</testcase>
<testcase name="RAIA Visual Regression Baseline Screenshots › Value Chain filtered map visual snapshot" classname="visual\visual.spec.ts" time="3.683">
</testcase>
<testcase name="RAIA Visual Regression Baseline Screenshots › Value Chain sidebar active visual snapshot" classname="visual\visual.spec.ts" time="3.017">
</testcase>
<testcase name="RAIA Visual Regression Baseline Screenshots › Business Scenarios list visual snapshot" classname="visual\visual.spec.ts" time="4.094">
</testcase>
<testcase name="RAIA Visual Regression Baseline Screenshots › Business Scenario with active step visual snapshot" classname="visual\visual.spec.ts" time="2.233">
</testcase>
<testcase name="RAIA Visual Regression Baseline Screenshots › Business Scenario diagram fullscreen visual snapshot" classname="visual\visual.spec.ts" time="2.807">
</testcase>
<testcase name="RAIA Visual Regression Baseline Screenshots › Dashboard page visual snapshot" classname="visual\visual.spec.ts" time="1.544">
</testcase>
<testcase name="RAIA Visual Regression Baseline Screenshots › Releases page visual snapshot" classname="visual\visual.spec.ts" time="1.337">
</testcase>
</testsuite>
<testsuite name="visual\visual.spec.ts" timestamp="2026-07-13T09:22:21.323Z" hostname="webkit" tests="10" failures="1" skipped="0" time="55.162" errors="0">
<testcase name="RAIA Visual Regression Baseline Screenshots › Home page visual snapshot" classname="visual\visual.spec.ts" time="4.85">
<system-out>
<![CDATA[C:\Users\cesar\.gemini\antigravity\scratch\Red de Arquitectura de Industria Afores (RAIA)\tests\e2e\visual\visual.spec.ts-snapshots\home-webkit-win32.png is re-generated, writing actual.
]]>
</system-out>
</testcase>
<testcase name="RAIA Visual Regression Baseline Screenshots › Metamodel page visual snapshot" classname="visual\visual.spec.ts" time="2.863">
<system-out>
<![CDATA[C:\Users\cesar\.gemini\antigravity\scratch\Red de Arquitectura de Industria Afores (RAIA)\tests\e2e\visual\visual.spec.ts-snapshots\metamodel-webkit-win32.png is re-generated, writing actual.
]]>
</system-out>
</testcase>
<testcase name="RAIA Visual Regression Baseline Screenshots › Value Chain initial map visual snapshot" classname="visual\visual.spec.ts" time="3.711">
<system-out>
<![CDATA[C:\Users\cesar\.gemini\antigravity\scratch\Red de Arquitectura de Industria Afores (RAIA)\tests\e2e\visual\visual.spec.ts-snapshots\value-chain-initial-webkit-win32.png is re-generated, writing actual.
]]>
</system-out>
</testcase>
<testcase name="RAIA Visual Regression Baseline Screenshots › Value Chain filtered map visual snapshot" classname="visual\visual.spec.ts" time="5.726">
<system-out>
<![CDATA[C:\Users\cesar\.gemini\antigravity\scratch\Red de Arquitectura de Industria Afores (RAIA)\tests\e2e\visual\visual.spec.ts-snapshots\value-chain-filtered-webkit-win32.png is re-generated, writing actual.
]]>
</system-out>
</testcase>
<testcase name="RAIA Visual Regression Baseline Screenshots › Value Chain sidebar active visual snapshot" classname="visual\visual.spec.ts" time="9.135">
<system-out>
<![CDATA[C:\Users\cesar\.gemini\antigravity\scratch\Red de Arquitectura de Industria Afores (RAIA)\tests\e2e\visual\visual.spec.ts-snapshots\value-chain-sidebar-webkit-win32.png is re-generated, writing actual.
]]>
</system-out>
</testcase>
<testcase name="RAIA Visual Regression Baseline Screenshots › Business Scenarios list visual snapshot" classname="visual\visual.spec.ts" time="4.661">
<system-out>
<![CDATA[C:\Users\cesar\.gemini\antigravity\scratch\Red de Arquitectura de Industria Afores (RAIA)\tests\e2e\visual\visual.spec.ts-snapshots\business-scenarios-webkit-win32.png is re-generated, writing actual.
]]>
</system-out>
</testcase>
<testcase name="RAIA Visual Regression Baseline Screenshots › Business Scenario with active step visual snapshot" classname="visual\visual.spec.ts" time="9.39">
<system-out>
<![CDATA[
[[ATTACHMENT|..\outputs\visual-visual-RAIA-Visual--8765b-active-step-visual-snapshot-webkit\business-scenario-active-step-previous.png]]

[[ATTACHMENT|..\outputs\visual-visual-RAIA-Visual--8765b-active-step-visual-snapshot-webkit\business-scenario-active-step-actual.png]]

[[ATTACHMENT|..\outputs\visual-visual-RAIA-Visual--8765b-active-step-visual-snapshot-webkit\business-scenario-active-step-diff.png]]

[[ATTACHMENT|..\outputs\visual-visual-RAIA-Visual--8765b-active-step-visual-snapshot-webkit\test-failed-1.png]]

[[ATTACHMENT|..\outputs\visual-visual-RAIA-Visual--8765b-active-step-visual-snapshot-webkit\video.webm]]

[[ATTACHMENT|..\outputs\visual-visual-RAIA-Visual--8765b-active-step-visual-snapshot-webkit\error-context.md]]

[[ATTACHMENT|..\outputs\visual-visual-RAIA-Visual--8765b-active-step-visual-snapshot-webkit\trace.zip]]
]]>
</system-out>
<failure message="expect(page).toHaveScreenshot(expected) failed" type="expect.toHaveScreenshot">
<![CDATA[  [webkit] › visual\visual.spec.ts:39:7 › RAIA Visual Regression Baseline Screenshots › Business Scenario with active step visual snapshot 

    Error: expect(page).toHaveScreenshot(expected) failed

    Timeout: 5000ms
      Failed to take two consecutive stable screenshots.

      Snapshot: business-scenario-active-step.png

    Call log:
      - Expect "toHaveScreenshot(business-scenario-active-step.png)" with timeout 5000ms
        - generating new stable screenshot expectation
      - taking page screenshot
        - disabled all CSS animations
      - waiting for fonts to load...
      - fonts loaded
      - waiting 100ms before taking screenshot
      - taking page screenshot
        - disabled all CSS animations
      - waiting for fonts to load...
      - fonts loaded
      - 2707 pixels (ratio 0.01 of all image pixels) are different.
      - waiting 250ms before taking screenshot
      - taking page screenshot
        - disabled all CSS animations
      - waiting for fonts to load...
      - fonts loaded
      - 2707 pixels (ratio 0.01 of all image pixels) are different.
      - waiting 500ms before taking screenshot
      - taking page screenshot
        - disabled all CSS animations
      - waiting for fonts to load...
      - fonts loaded
      - 2645 pixels (ratio 0.01 of all image pixels) are different.
      - waiting 1000ms before taking screenshot
      - taking page screenshot
        - disabled all CSS animations
      - waiting for fonts to load...
      - fonts loaded
      - 2921 pixels (ratio 0.01 of all image pixels) are different.
      - waiting 1000ms before taking screenshot
      - Timeout 5000ms exceeded.

        at C:\Users\cesar\.gemini\antigravity\scratch\Red de Arquitectura de Industria Afores (RAIA)\tests\e2e\visual\visual.spec.ts:55:24)
        at C:\Users\cesar\.gemini\antigravity\scratch\Red de Arquitectura de Industria Afores (RAIA)\node_modules\playwright\lib\worker\workerProcessEntry.js:1662:9)
        at C:\Users\cesar\.gemini\antigravity\scratch\Red de Arquitectura de Industria Afores (RAIA)\node_modules\playwright\lib\worker\workerProcessEntry.js:1154:11)
        at C:\Users\cesar\.gemini\antigravity\scratch\Red de Arquitectura de Industria Afores (RAIA)\node_modules\playwright\lib\worker\workerProcessEntry.js:1660:7)

    attachment #1: business-scenario-active-step (image/png) ───────────────────────────────────────
    Received: ..\..\test-results\outputs\visual-visual-RAIA-Visual--8765b-active-step-visual-snapshot-webkit\business-scenario-active-step-actual.png
    Previous: ..\..\test-results\outputs\visual-visual-RAIA-Visual--8765b-active-step-visual-snapshot-webkit\business-scenario-active-step-previous.png
    Diff:     ..\..\test-results\outputs\visual-visual-RAIA-Visual--8765b-active-step-visual-snapshot-webkit\business-scenario-active-step-diff.png
    ────────────────────────────────────────────────────────────────────────────────────────────────

    attachment #2: screenshot (image/png) ──────────────────────────────────────────────────────────
    ..\..\test-results\outputs\visual-visual-RAIA-Visual--8765b-active-step-visual-snapshot-webkit\test-failed-1.png
    ────────────────────────────────────────────────────────────────────────────────────────────────

    attachment #3: video (video/webm) ──────────────────────────────────────────────────────────────
    ..\..\test-results\outputs\visual-visual-RAIA-Visual--8765b-active-step-visual-snapshot-webkit\video.webm
    ────────────────────────────────────────────────────────────────────────────────────────────────

    Error Context: ..\..\test-results\outputs\visual-visual-RAIA-Visual--8765b-active-step-visual-snapshot-webkit\error-context.md

    attachment #5: trace (application/zip) ─────────────────────────────────────────────────────────
    ..\..\test-results\outputs\visual-visual-RAIA-Visual--8765b-active-step-visual-snapshot-webkit\trace.zip
    Usage:

        npx playwright show-trace ..\..\test-results\outputs\visual-visual-RAIA-Visual--8765b-active-step-visual-snapshot-webkit\trace.zip

    ────────────────────────────────────────────────────────────────────────────────────────────────
]]>
</failure>
</testcase>
<testcase name="RAIA Visual Regression Baseline Screenshots › Business Scenario diagram fullscreen visual snapshot" classname="visual\visual.spec.ts" time="7.621">
<system-out>
<![CDATA[C:\Users\cesar\.gemini\antigravity\scratch\Red de Arquitectura de Industria Afores (RAIA)\tests\e2e\visual\visual.spec.ts-snapshots\business-scenario-fullscreen-webkit-win32.png is re-generated, writing actual.
]]>
</system-out>
</testcase>
<testcase name="RAIA Visual Regression Baseline Screenshots › Dashboard page visual snapshot" classname="visual\visual.spec.ts" time="3.31">
<system-out>
<![CDATA[C:\Users\cesar\.gemini\antigravity\scratch\Red de Arquitectura de Industria Afores (RAIA)\tests\e2e\visual\visual.spec.ts-snapshots\dashboard-webkit-win32.png is re-generated, writing actual.
]]>
</system-out>
</testcase>
<testcase name="RAIA Visual Regression Baseline Screenshots › Releases page visual snapshot" classname="visual\visual.spec.ts" time="3.895">
<system-out>
<![CDATA[C:\Users\cesar\.gemini\antigravity\scratch\Red de Arquitectura de Industria Afores (RAIA)\tests\e2e\visual\visual.spec.ts-snapshots\releases-webkit-win32.png is re-generated, writing actual.
]]>
</system-out>
</testcase>
</testsuite>
<testsuite name="visual\visual.spec.ts" timestamp="2026-07-13T09:22:21.323Z" hostname="Mobile Chrome" tests="10" failures="0" skipped="0" time="11.107" errors="0">
<testcase name="RAIA Visual Regression Baseline Screenshots › Home page visual snapshot" classname="visual\visual.spec.ts" time="1.227">
</testcase>
<testcase name="RAIA Visual Regression Baseline Screenshots › Metamodel page visual snapshot" classname="visual\visual.spec.ts" time="0.993">
</testcase>
<testcase name="RAIA Visual Regression Baseline Screenshots › Value Chain initial map visual snapshot" classname="visual\visual.spec.ts" time="0.899">
</testcase>
<testcase name="RAIA Visual Regression Baseline Screenshots › Value Chain filtered map visual snapshot" classname="visual\visual.spec.ts" time="1.004">
</testcase>
<testcase name="RAIA Visual Regression Baseline Screenshots › Value Chain sidebar active visual snapshot" classname="visual\visual.spec.ts" time="1.24">
</testcase>
<testcase name="RAIA Visual Regression Baseline Screenshots › Business Scenarios list visual snapshot" classname="visual\visual.spec.ts" time="0.82">
</testcase>
<testcase name="RAIA Visual Regression Baseline Screenshots › Business Scenario with active step visual snapshot" classname="visual\visual.spec.ts" time="1.328">
<system-out>
<![CDATA[A snapshot doesn't exist at C:\Users\cesar\.gemini\antigravity\scratch\Red de Arquitectura de Industria Afores (RAIA)\tests\e2e\visual\visual.spec.ts-snapshots\business-scenario-active-step-Mobile-Chrome-win32.png, writing actual.

[[ATTACHMENT|..\..\tests\e2e\visual\visual.spec.ts-snapshots\business-scenario-active-step-Mobile-Chrome-win32.png]]

[[ATTACHMENT|..\outputs\visual-visual-RAIA-Visual--8765b-active-step-visual-snapshot-Mobile-Chrome\business-scenario-active-step-actual.png]]
]]>
</system-out>
</testcase>
<testcase name="RAIA Visual Regression Baseline Screenshots › Business Scenario diagram fullscreen visual snapshot" classname="visual\visual.spec.ts" time="1.787">
<system-out>
<![CDATA[C:\Users\cesar\.gemini\antigravity\scratch\Red de Arquitectura de Industria Afores (RAIA)\tests\e2e\visual\visual.spec.ts-snapshots\business-scenario-fullscreen-Mobile-Chrome-win32.png is re-generated, writing actual.
]]>
</system-out>
</testcase>
<testcase name="RAIA Visual Regression Baseline Screenshots › Dashboard page visual snapshot" classname="visual\visual.spec.ts" time="1.067">
</testcase>
<testcase name="RAIA Visual Regression Baseline Screenshots › Releases page visual snapshot" classname="visual\visual.spec.ts" time="0.742">
</testcase>
</testsuite>
<testsuite name="visual\visual.spec.ts" timestamp="2026-07-13T09:22:21.323Z" hostname="Mobile Safari" tests="10" failures="0" skipped="0" time="28.721" errors="0">
<testcase name="RAIA Visual Regression Baseline Screenshots › Home page visual snapshot" classname="visual\visual.spec.ts" time="3.148">
</testcase>
<testcase name="RAIA Visual Regression Baseline Screenshots › Metamodel page visual snapshot" classname="visual\visual.spec.ts" time="2.576">
</testcase>
<testcase name="RAIA Visual Regression Baseline Screenshots › Value Chain initial map visual snapshot" classname="visual\visual.spec.ts" time="1.942">
</testcase>
<testcase name="RAIA Visual Regression Baseline Screenshots › Value Chain filtered map visual snapshot" classname="visual\visual.spec.ts" time="2.252">
</testcase>
<testcase name="RAIA Visual Regression Baseline Screenshots › Value Chain sidebar active visual snapshot" classname="visual\visual.spec.ts" time="3.265">
<system-out>
<![CDATA[C:\Users\cesar\.gemini\antigravity\scratch\Red de Arquitectura de Industria Afores (RAIA)\tests\e2e\visual\visual.spec.ts-snapshots\value-chain-sidebar-Mobile-Safari-win32.png is re-generated, writing actual.
]]>
</system-out>
</testcase>
<testcase name="RAIA Visual Regression Baseline Screenshots › Business Scenarios list visual snapshot" classname="visual\visual.spec.ts" time="2.268">
</testcase>
<testcase name="RAIA Visual Regression Baseline Screenshots › Business Scenario with active step visual snapshot" classname="visual\visual.spec.ts" time="4.823">
<system-out>
<![CDATA[A snapshot doesn't exist at C:\Users\cesar\.gemini\antigravity\scratch\Red de Arquitectura de Industria Afores (RAIA)\tests\e2e\visual\visual.spec.ts-snapshots\business-scenario-active-step-Mobile-Safari-win32.png, writing actual.

[[ATTACHMENT|..\..\tests\e2e\visual\visual.spec.ts-snapshots\business-scenario-active-step-Mobile-Safari-win32.png]]

[[ATTACHMENT|..\outputs\visual-visual-RAIA-Visual--8765b-active-step-visual-snapshot-Mobile-Safari\business-scenario-active-step-actual.png]]
]]>
</system-out>
</testcase>
<testcase name="RAIA Visual Regression Baseline Screenshots › Business Scenario diagram fullscreen visual snapshot" classname="visual\visual.spec.ts" time="4.663">
</testcase>
<testcase name="RAIA Visual Regression Baseline Screenshots › Dashboard page visual snapshot" classname="visual\visual.spec.ts" time="2.157">
</testcase>
<testcase name="RAIA Visual Regression Baseline Screenshots › Releases page visual snapshot" classname="visual\visual.spec.ts" time="1.627">
</testcase>
</testsuite>
</testsuites>