{"total": {"lines":{"total":275,"covered":243,"skipped":0,"pct":88.36},"statements":{"total":307,"covered":262,"skipped":0,"pct":85.34},"functions":{"total":71,"covered":51,"skipped":0,"pct":71.83},"branches":{"total":178,"covered":158,"skipped":0,"pct":88.76},"branchesTrue":{"total":0,"covered":0,"skipped":0,"pct":100}}
,"C:\\Users\\cesar\\.gemini\\antigravity\\scratch\\Red de Arquitectura de Industria Afores (RAIA)\\scripts\\calculateQualityGate.ts": {"lines":{"total":46,"covered":30,"skipped":0,"pct":65.21},"functions":{"total":4,"covered":3,"skipped":0,"pct":75},"statements":{"total":49,"covered":32,"skipped":0,"pct":65.3},"branches":{"total":40,"covered":34,"skipped":0,"pct":85}}
,"C:\\Users\\cesar\\.gemini\\antigravity\\scratch\\Red de Arquitectura de Industria Afores (RAIA)\\src\\data\\architecture-artifacts.json": {"lines":{"total":0,"covered":0,"skipped":0,"pct":100},"functions":{"total":0,"covered":0,"skipped":0,"pct":100},"statements":{"total":0,"covered":0,"skipped":0,"pct":100},"branches":{"total":0,"covered":0,"skipped":0,"pct":100}}
,"C:\\Users\\cesar\\.gemini\\antigravity\\scratch\\Red de Arquitectura de Industria Afores (RAIA)\\src\\data\\portal-modules.json": {"lines":{"total":0,"covered":0,"skipped":0,"pct":100},"functions":{"total":0,"covered":0,"skipped":0,"pct":100},"statements":{"total":0,"covered":0,"skipped":0,"pct":100},"branches":{"total":0,"covered":0,"skipped":0,"pct":100}}
,"C:\\Users\\cesar\\.gemini\\antigravity\\scratch\\Red de Arquitectura de Industria Afores (RAIA)\\src\\data\\raia-landscape-0.1.0.json": {"lines":{"total":3,"covered":3,"skipped":0,"pct":100},"functions":{"total":0,"covered":0,"skipped":0,"pct":100},"statements":{"total":3,"covered":3,"skipped":0,"pct":100},"branches":{"total":0,"covered":0,"skipped":0,"pct":100}}
,"C:\\Users\\cesar\\.gemini\\antigravity\\scratch\\Red de Arquitectura de Industria Afores (RAIA)\\src\\data\\relations-0.1.0.json": {"lines":{"total":0,"covered":0,"skipped":0,"pct":100},"functions":{"total":0,"covered":0,"skipped":0,"pct":100},"statements":{"total":0,"covered":0,"skipped":0,"pct":100},"branches":{"total":0,"covered":0,"skipped":0,"pct":100}}
,"C:\\Users\\cesar\\.gemini\\antigravity\\scratch\\Red de Arquitectura de Industria Afores (RAIA)\\src\\data\\releases.json": {"lines":{"total":0,"covered":0,"skipped":0,"pct":100},"functions":{"total":0,"covered":0,"skipped":0,"pct":100},"statements":{"total":0,"covered":0,"skipped":0,"pct":100},"branches":{"total":0,"covered":0,"skipped":0,"pct":100}}
,"C:\\Users\\cesar\\.gemini\\antigravity\\scratch\\Red de Arquitectura de Industria Afores (RAIA)\\src\\data\\scenarios-0.1.0.json": {"lines":{"total":0,"covered":0,"skipped":0,"pct":100},"functions":{"total":0,"covered":0,"skipped":0,"pct":100},"statements":{"total":0,"covered":0,"skipped":0,"pct":100},"branches":{"total":0,"covered":0,"skipped":0,"pct":100}}
,"C:\\Users\\cesar\\.gemini\\antigravity\\scratch\\Red de Arquitectura de Industria Afores (RAIA)\\src\\data\\regulatory\\regulatory-baseline.json": {"lines":{"total":4,"covered":4,"skipped":0,"pct":100},"functions":{"total":0,"covered":0,"skipped":0,"pct":100},"statements":{"total":4,"covered":4,"skipped":0,"pct":100},"branches":{"total":0,"covered":0,"skipped":0,"pct":100}}
,"C:\\Users\\cesar\\.gemini\\antigravity\\scratch\\Red de Arquitectura de Industria Afores (RAIA)\\src\\data\\regulatory\\regulatory-gaps.json": {"lines":{"total":0,"covered":0,"skipped":0,"pct":100},"functions":{"total":0,"covered":0,"skipped":0,"pct":100},"statements":{"total":0,"covered":0,"skipped":0,"pct":100},"branches":{"total":0,"covered":0,"skipped":0,"pct":100}}
,"C:\\Users\\cesar\\.gemini\\antigravity\\scratch\\Red de Arquitectura de Industria Afores (RAIA)\\src\\data\\regulatory\\regulatory-mappings.json": {"lines":{"total":0,"covered":0,"skipped":0,"pct":100},"functions":{"total":0,"covered":0,"skipped":0,"pct":100},"statements":{"total":0,"covered":0,"skipped":0,"pct":100},"branches":{"total":0,"covered":0,"skipped":0,"pct":100}}
,"C:\\Users\\cesar\\.gemini\\antigravity\\scratch\\Red de Arquitectura de Industria Afores (RAIA)\\src\\data\\regulatory\\regulatory-sources.json": {"lines":{"total":0,"covered":0,"skipped":0,"pct":100},"functions":{"total":0,"covered":0,"skipped":0,"pct":100},"statements":{"total":0,"covered":0,"skipped":0,"pct":100},"branches":{"total":0,"covered":0,"skipped":0,"pct":100}}
,"C:\\Users\\cesar\\.gemini\\antigravity\\scratch\\Red de Arquitectura de Industria Afores (RAIA)\\src\\domain\\repositories\\landscapeRepository.ts": {"lines":{"total":27,"covered":23,"skipped":0,"pct":85.18},"functions":{"total":18,"covered":10,"skipped":0,"pct":55.55},"statements":{"total":33,"covered":25,"skipped":0,"pct":75.75},"branches":{"total":0,"covered":0,"skipped":0,"pct":100}}
,"C:\\Users\\cesar\\.gemini\\antigravity\\scratch\\Red de Arquitectura de Industria Afores (RAIA)\\src\\domain\\repositories\\portalRepository.ts": {"lines":{"total":81,"covered":79,"skipped":0,"pct":97.53},"functions":{"total":27,"covered":25,"skipped":0,"pct":92.59},"statements":{"total":96,"covered":90,"skipped":0,"pct":93.75},"branches":{"total":64,"covered":52,"skipped":0,"pct":81.25}}
,"C:\\Users\\cesar\\.gemini\\antigravity\\scratch\\Red de Arquitectura de Industria Afores (RAIA)\\src\\domain\\repositories\\regulatoryRepository.ts": {"lines":{"total":15,"covered":12,"skipped":0,"pct":80},"functions":{"total":9,"covered":3,"skipped":0,"pct":33.33},"statements":{"total":18,"covered":12,"skipped":0,"pct":66.66},"branches":{"total":0,"covered":0,"skipped":0,"pct":100}}
,"C:\\Users\\cesar\\.gemini\\antigravity\\scratch\\Red de Arquitectura de Industria Afores (RAIA)\\src\\domain\\repositories\\scenarioNarrativeRepository.ts": {"lines":{"total":12,"covered":6,"skipped":0,"pct":50},"functions":{"total":8,"covered":5,"skipped":0,"pct":62.5},"statements":{"total":13,"covered":6,"skipped":0,"pct":46.15},"branches":{"total":2,"covered":0,"skipped":0,"pct":0}}
,"C:\\Users\\cesar\\.gemini\\antigravity\\scratch\\Red de Arquitectura de Industria Afores (RAIA)\\src\\domain\\schemas\\index.ts": {"lines":{"total":66,"covered":66,"skipped":0,"pct":100},"functions":{"total":3,"covered":3,"skipped":0,"pct":100},"statements":{"total":66,"covered":66,"skipped":0,"pct":100},"branches":{"total":59,"covered":59,"skipped":0,"pct":100}}
,"C:\\Users\\cesar\\.gemini\\antigravity\\scratch\\Red de Arquitectura de Industria Afores (RAIA)\\src\\domain\\schemas\\participantSchemas.ts": {"lines":{"total":2,"covered":2,"skipped":0,"pct":100},"functions":{"total":0,"covered":0,"skipped":0,"pct":100},"statements":{"total":2,"covered":2,"skipped":0,"pct":100},"branches":{"total":0,"covered":0,"skipped":0,"pct":100}}
,"C:\\Users\\cesar\\.gemini\\antigravity\\scratch\\Red de Arquitectura de Industria Afores (RAIA)\\src\\domain\\schemas\\regulatorySchemas.ts": {"lines":{"total":19,"covered":18,"skipped":0,"pct":94.73},"functions":{"total":2,"covered":2,"skipped":0,"pct":100},"statements":{"total":23,"covered":22,"skipped":0,"pct":95.65},"branches":{"total":13,"covered":13,"skipped":0,"pct":100}}
}
