{"C:\\Users\\cesar\\.gemini\\antigravity\\scratch\\Red de Arquitectura de Industria Afores (RAIA)\\scripts\\calculateQualityGate.ts": {"path":"C:\\Users\\cesar\\.gemini\\antigravity\\scratch\\Red de Arquitectura de Industria Afores (RAIA)\\scripts\\calculateQualityGate.ts","statementMap":{"0":{"start":{"line":4,"column":44},"end":{"line":4,"column":null}},"1":{"start":{"line":26,"column":27},"end":{"line":26,"column":null}},"2":{"start":{"line":29,"column":2},"end":{"line":31,"column":null}},"3":{"start":{"line":30,"column":4},"end":{"line":30,"column":null}},"4":{"start":{"line":33,"column":40},"end":{"line":33,"column":null}},"5":{"start":{"line":34,"column":2},"end":{"line":38,"column":null}},"6":{"start":{"line":35,"column":4},"end":{"line":35,"column":null}},"7":{"start":{"line":37,"column":4},"end":{"line":37,"column":null}},"8":{"start":{"line":40,"column":27},"end":{"line":40,"column":null}},"9":{"start":{"line":40,"column":47},"end":{"line":40,"column":108}},"10":{"start":{"line":41,"column":31},"end":{"line":41,"column":null}},"11":{"start":{"line":41,"column":51},"end":{"line":41,"column":143}},"12":{"start":{"line":43,"column":2},"end":{"line":45,"column":null}},"13":{"start":{"line":44,"column":4},"end":{"line":44,"column":null}},"14":{"start":{"line":46,"column":2},"end":{"line":48,"column":null}},"15":{"start":{"line":47,"column":4},"end":{"line":47,"column":null}},"16":{"start":{"line":51,"column":2},"end":{"line":53,"column":null}},"17":{"start":{"line":52,"column":4},"end":{"line":52,"column":null}},"18":{"start":{"line":56,"column":2},"end":{"line":73,"column":null}},"19":{"start":{"line":57,"column":20},"end":{"line":57,"column":null}},"20":{"start":{"line":58,"column":4},"end":{"line":60,"column":null}},"21":{"start":{"line":59,"column":6},"end":{"line":59,"column":null}},"22":{"start":{"line":62,"column":4},"end":{"line":62,"column":null}},"23":{"start":{"line":64,"column":4},"end":{"line":66,"column":null}},"24":{"start":{"line":65,"column":6},"end":{"line":65,"column":null}},"25":{"start":{"line":68,"column":4},"end":{"line":70,"column":null}},"26":{"start":{"line":69,"column":6},"end":{"line":69,"column":null}},"27":{"start":{"line":72,"column":4},"end":{"line":72,"column":null}},"28":{"start":{"line":75,"column":2},"end":{"line":77,"column":null}},"29":{"start":{"line":76,"column":4},"end":{"line":76,"column":null}},"30":{"start":{"line":79,"column":2},"end":{"line":82,"column":null}},"31":{"start":{"line":86,"column":15},"end":{"line":86,"column":null}},"32":{"start":{"line":87,"column":19},"end":{"line":87,"column":null}},"33":{"start":{"line":89,"column":0},"end":{"line":111,"column":null}},"34":{"start":{"line":90,"column":22},"end":{"line":90,"column":null}},"35":{"start":{"line":91,"column":21},"end":{"line":91,"column":null}},"36":{"start":{"line":92,"column":31},"end":{"line":92,"column":null}},"37":{"start":{"line":94,"column":2},"end":{"line":94,"column":null}},"38":{"start":{"line":95,"column":18},"end":{"line":98,"column":null}},"39":{"start":{"line":100,"column":2},"end":{"line":100,"column":null}},"40":{"start":{"line":101,"column":2},"end":{"line":110,"column":null}},"41":{"start":{"line":102,"column":4},"end":{"line":102,"column":null}},"42":{"start":{"line":103,"column":4},"end":{"line":103,"column":null}},"43":{"start":{"line":104,"column":4},"end":{"line":104,"column":null}},"44":{"start":{"line":106,"column":4},"end":{"line":106,"column":null}},"45":{"start":{"line":107,"column":4},"end":{"line":107,"column":null}},"46":{"start":{"line":107,"column":34},"end":{"line":107,"column":61}},"47":{"start":{"line":108,"column":4},"end":{"line":108,"column":null}},"48":{"start":{"line":109,"column":4},"end":{"line":109,"column":null}}},"fnMap":{"0":{"name":"runQualityGate","decl":{"start":{"line":25,"column":16},"end":{"line":25,"column":31}},"loc":{"start":{"line":25,"column":96},"end":{"line":83,"column":null}},"line":25},"1":{"name":"(anonymous_1)","decl":{"start":{"line":40,"column":35},"end":{"line":40,"column":42}},"loc":{"start":{"line":40,"column":47},"end":{"line":40,"column":108}},"line":40},"2":{"name":"(anonymous_2)","decl":{"start":{"line":41,"column":39},"end":{"line":41,"column":46}},"loc":{"start":{"line":41,"column":51},"end":{"line":41,"column":143}},"line":41},"3":{"name":"(anonymous_3)","decl":{"start":{"line":107,"column":19},"end":{"line":107,"column":27}},"loc":{"start":{"line":107,"column":34},"end":{"line":107,"column":61}},"line":107}},"branchMap":{"0":{"loc":{"start":{"line":29,"column":2},"end":{"line":31,"column":null}},"type":"if","locations":[{"start":{"line":29,"column":2},"end":{"line":31,"column":null}},{"start":{},"end":{}}],"line":29},"1":{"loc":{"start":{"line":40,"column":47},"end":{"line":40,"column":108}},"type":"binary-expr","locations":[{"start":{"line":40,"column":47},"end":{"line":40,"column":79}},{"start":{"line":40,"column":79},"end":{"line":40,"column":108}}],"line":40},"2":{"loc":{"start":{"line":41,"column":51},"end":{"line":41,"column":143}},"type":"binary-expr","locations":[{"start":{"line":41,"column":51},"end":{"line":41,"column":100}},{"start":{"line":41,"column":100},"end":{"line":41,"column":123}},{"start":{"line":41,"column":123},"end":{"line":41,"column":143}}],"line":41},"3":{"loc":{"start":{"line":43,"column":2},"end":{"line":45,"column":null}},"type":"if","locations":[{"start":{"line":43,"column":2},"end":{"line":45,"column":null}},{"start":{},"end":{}}],"line":43},"4":{"loc":{"start":{"line":46,"column":2},"end":{"line":48,"column":null}},"type":"if","locations":[{"start":{"line":46,"column":2},"end":{"line":48,"column":null}},{"start":{},"end":{}}],"line":46},"5":{"loc":{"start":{"line":51,"column":2},"end":{"line":53,"column":null}},"type":"if","locations":[{"start":{"line":51,"column":2},"end":{"line":53,"column":null}},{"start":{},"end":{}}],"line":51},"6":{"loc":{"start":{"line":58,"column":4},"end":{"line":60,"column":null}},"type":"if","locations":[{"start":{"line":58,"column":4},"end":{"line":60,"column":null}},{"start":{},"end":{}}],"line":58},"7":{"loc":{"start":{"line":58,"column":8},"end":{"line":58,"column":124}},"type":"binary-expr","locations":[{"start":{"line":58,"column":8},"end":{"line":58,"column":20}},{"start":{"line":58,"column":20},"end":{"line":58,"column":38}},{"start":{"line":58,"column":38},"end":{"line":58,"column":80}},{"start":{"line":58,"column":80},"end":{"line":58,"column":124}}],"line":58},"8":{"loc":{"start":{"line":64,"column":4},"end":{"line":66,"column":null}},"type":"if","locations":[{"start":{"line":64,"column":4},"end":{"line":66,"column":null}},{"start":{},"end":{}}],"line":64},"9":{"loc":{"start":{"line":64,"column":8},"end":{"line":64,"column":75}},"type":"binary-expr","locations":[{"start":{"line":64,"column":8},"end":{"line":64,"column":49}},{"start":{"line":64,"column":49},"end":{"line":64,"column":75}}],"line":64},"10":{"loc":{"start":{"line":68,"column":4},"end":{"line":70,"column":null}},"type":"if","locations":[{"start":{"line":68,"column":4},"end":{"line":70,"column":null}},{"start":{},"end":{}}],"line":68},"11":{"loc":{"start":{"line":68,"column":8},"end":{"line":68,"column":58}},"type":"binary-expr","locations":[{"start":{"line":68,"column":8},"end":{"line":68,"column":33}},{"start":{"line":68,"column":33},"end":{"line":68,"column":58}}],"line":68},"12":{"loc":{"start":{"line":75,"column":2},"end":{"line":77,"column":null}},"type":"if","locations":[{"start":{"line":75,"column":2},"end":{"line":77,"column":null}},{"start":{},"end":{}}],"line":75},"13":{"loc":{"start":{"line":86,"column":15},"end":{"line":86,"column":null}},"type":"binary-expr","locations":[{"start":{"line":86,"column":15},"end":{"line":86,"column":49}},{"start":{"line":86,"column":49},"end":{"line":86,"column":null}}],"line":86},"14":{"loc":{"start":{"line":87,"column":19},"end":{"line":87,"column":null}},"type":"binary-expr","locations":[{"start":{"line":87,"column":19},"end":{"line":87,"column":39}},{"start":{"line":87,"column":39},"end":{"line":87,"column":94}},{"start":{"line":87,"column":94},"end":{"line":87,"column":null}}],"line":87},"15":{"loc":{"start":{"line":89,"column":0},"end":{"line":111,"column":null}},"type":"if","locations":[{"start":{"line":89,"column":0},"end":{"line":111,"column":null}},{"start":{},"end":{}}],"line":89},"16":{"loc":{"start":{"line":89,"column":4},"end":{"line":89,"column":26}},"type":"binary-expr","locations":[{"start":{"line":89,"column":4},"end":{"line":89,"column":14}},{"start":{"line":89,"column":14},"end":{"line":89,"column":26}}],"line":89},"17":{"loc":{"start":{"line":101,"column":2},"end":{"line":110,"column":null}},"type":"if","locations":[{"start":{"line":101,"column":2},"end":{"line":110,"column":null}},{"start":{"line":105,"column":9},"end":{"line":110,"column":null}}],"line":101}},"s":{"0":1,"1":10,"2":10,"3":1,"4":9,"5":9,"6":9,"7":1,"8":8,"9":1,"10":8,"11":1,"12":8,"13":1,"14":8,"15":1,"16":8,"17":0,"18":8,"19":8,"20":8,"21":1,"22":7,"23":7,"24":1,"25":6,"26":2,"27":0,"28":4,"29":1,"30":4,"31":1,"32":1,"33":1,"34":0,"35":0,"36":0,"37":0,"38":0,"39":0,"40":0,"41":0,"42":0,"43":0,"44":0,"45":0,"46":0,"47":0,"48":0},"f":{"0":10,"1":1,"2":1,"3":0},"b":{"0":[1,9],"1":[1,0],"2":[1,1,0],"3":[1,7],"4":[1,7],"5":[0,8],"6":[1,7],"7":[8,8,8,7],"8":[1,6],"9":[7,6],"10":[2,4],"11":[6,5],"12":[1,3],"13":[1,1],"14":[1,1,1],"15":[0,1],"16":[1,1],"17":[0,0]},"meta":{"lastBranch":18,"lastFunction":4,"lastStatement":49,"seen":{"s:4:44:4:Infinity":0,"f:25:16:25:31":0,"s:26:27:26:Infinity":1,"b:29:2:31:Infinity:undefined:undefined:undefined:undefined":0,"s:29:2:31:Infinity":2,"s:30:4:30:Infinity":3,"s:33:40:33:Infinity":4,"s:34:2:38:Infinity":5,"s:35:4:35:Infinity":6,"s:37:4:37:Infinity":7,"s:40:27:40:Infinity":8,"f:40:35:40:42":1,"s:40:47:40:108":9,"b:40:47:40:79:40:79:40:108":1,"s:41:31:41:Infinity":10,"f:41:39:41:46":2,"s:41:51:41:143":11,"b:41:51:41:100:41:100:41:123:41:123:41:143":2,"b:43:2:45:Infinity:undefined:undefined:undefined:undefined":3,"s:43:2:45:Infinity":12,"s:44:4:44:Infinity":13,"b:46:2:48:Infinity:undefined:undefined:undefined:undefined":4,"s:46:2:48:Infinity":14,"s:47:4:47:Infinity":15,"b:51:2:53:Infinity:undefined:undefined:undefined:undefined":5,"s:51:2:53:Infinity":16,"s:52:4:52:Infinity":17,"s:56:2:73:Infinity":18,"s:57:20:57:Infinity":19,"b:58:4:60:Infinity:undefined:undefined:undefined:undefined":6,"s:58:4:60:Infinity":20,"b:58:8:58:20:58:20:58:38:58:38:58:80:58:80:58:124":7,"s:59:6:59:Infinity":21,"s:62:4:62:Infinity":22,"b:64:4:66:Infinity:undefined:undefined:undefined:undefined":8,"s:64:4:66:Infinity":23,"b:64:8:64:49:64:49:64:75":9,"s:65:6:65:Infinity":24,"b:68:4:70:Infinity:undefined:undefined:undefined:undefined":10,"s:68:4:70:Infinity":25,"b:68:8:68:33:68:33:68:58":11,"s:69:6:69:Infinity":26,"s:72:4:72:Infinity":27,"b:75:2:77:Infinity:undefined:undefined:undefined:undefined":12,"s:75:2:77:Infinity":28,"s:76:4:76:Infinity":29,"s:79:2:82:Infinity":30,"s:86:15:86:Infinity":31,"b:86:15:86:49:86:49:86:Infinity":13,"s:87:19:87:Infinity":32,"b:87:19:87:39:87:39:87:94:87:94:87:Infinity":14,"b:89:0:111:Infinity:undefined:undefined:undefined:undefined":15,"s:89:0:111:Infinity":33,"b:89:4:89:14:89:14:89:26":16,"s:90:22:90:Infinity":34,"s:91:21:91:Infinity":35,"s:92:31:92:Infinity":36,"s:94:2:94:Infinity":37,"s:95:18:98:Infinity":38,"s:100:2:100:Infinity":39,"b:101:2:110:Infinity:105:9:110:Infinity":17,"s:101:2:110:Infinity":40,"s:102:4:102:Infinity":41,"s:103:4:103:Infinity":42,"s:104:4:104:Infinity":43,"s:106:4:106:Infinity":44,"s:107:4:107:Infinity":45,"f:107:19:107:27":3,"s:107:34:107:61":46,"s:108:4:108:Infinity":47,"s:109:4:109:Infinity":48},"fnNames":{}}}
,"C:\\Users\\cesar\\.gemini\\antigravity\\scratch\\Red de Arquitectura de Industria Afores (RAIA)\\src\\data\\architecture-artifacts.json": {"path":"C:\\Users\\cesar\\.gemini\\antigravity\\scratch\\Red de Arquitectura de Industria Afores (RAIA)\\src\\data\\architecture-artifacts.json","statementMap":{},"fnMap":{},"branchMap":{},"s":{},"f":{},"b":{},"meta":{"lastBranch":0,"lastFunction":0,"lastStatement":0,"seen":{},"fnNames":{}}}
,"C:\\Users\\cesar\\.gemini\\antigravity\\scratch\\Red de Arquitectura de Industria Afores (RAIA)\\src\\data\\portal-modules.json": {"path":"C:\\Users\\cesar\\.gemini\\antigravity\\scratch\\Red de Arquitectura de Industria Afores (RAIA)\\src\\data\\portal-modules.json","statementMap":{},"fnMap":{},"branchMap":{},"s":{},"f":{},"b":{},"meta":{"lastBranch":0,"lastFunction":0,"lastStatement":0,"seen":{},"fnNames":{}}}
,"C:\\Users\\cesar\\.gemini\\antigravity\\scratch\\Red de Arquitectura de Industria Afores (RAIA)\\src\\data\\raia-landscape-0.1.0.json": {"path":"C:\\Users\\cesar\\.gemini\\antigravity\\scratch\\Red de Arquitectura de Industria Afores (RAIA)\\src\\data\\raia-landscape-0.1.0.json","statementMap":{"0":{"start":{"line":1,"column":29},"end":{"line":1,"column":7439}},"1":{"start":{"line":2,"column":31},"end":{"line":2,"column":24023}},"2":{"start":{"line":3,"column":30},"end":{"line":3,"column":1097357}}},"fnMap":{},"branchMap":{},"s":{"0":2,"1":2,"2":2},"f":{},"b":{},"meta":{"lastBranch":0,"lastFunction":0,"lastStatement":3,"seen":{"s:1:29:1:7439":0,"s:2:31:2:24023":1,"s:3:30:3:1097357":2},"fnNames":{}}}
,"C:\\Users\\cesar\\.gemini\\antigravity\\scratch\\Red de Arquitectura de Industria Afores (RAIA)\\src\\data\\relations-0.1.0.json": {"path":"C:\\Users\\cesar\\.gemini\\antigravity\\scratch\\Red de Arquitectura de Industria Afores (RAIA)\\src\\data\\relations-0.1.0.json","statementMap":{},"fnMap":{},"branchMap":{},"s":{},"f":{},"b":{},"meta":{"lastBranch":0,"lastFunction":0,"lastStatement":0,"seen":{},"fnNames":{}}}
,"C:\\Users\\cesar\\.gemini\\antigravity\\scratch\\Red de Arquitectura de Industria Afores (RAIA)\\src\\data\\releases.json": {"path":"C:\\Users\\cesar\\.gemini\\antigravity\\scratch\\Red de Arquitectura de Industria Afores (RAIA)\\src\\data\\releases.json","statementMap":{},"fnMap":{},"branchMap":{},"s":{},"f":{},"b":{},"meta":{"lastBranch":0,"lastFunction":0,"lastStatement":0,"seen":{},"fnNames":{}}}
,"C:\\Users\\cesar\\.gemini\\antigravity\\scratch\\Red de Arquitectura de Industria Afores (RAIA)\\src\\data\\scenarios-0.1.0.json": {"path":"C:\\Users\\cesar\\.gemini\\antigravity\\scratch\\Red de Arquitectura de Industria Afores (RAIA)\\src\\data\\scenarios-0.1.0.json","statementMap":{},"fnMap":{},"branchMap":{},"s":{},"f":{},"b":{},"meta":{"lastBranch":0,"lastFunction":0,"lastStatement":0,"seen":{},"fnNames":{}}}
,"C:\\Users\\cesar\\.gemini\\antigravity\\scratch\\Red de Arquitectura de Industria Afores (RAIA)\\src\\data\\regulatory\\regulatory-baseline.json": {"path":"C:\\Users\\cesar\\.gemini\\antigravity\\scratch\\Red de Arquitectura de Industria Afores (RAIA)\\src\\data\\regulatory\\regulatory-baseline.json","statementMap":{"0":{"start":{"line":1,"column":31},"end":{"line":1,"column":38}},"1":{"start":{"line":2,"column":25},"end":{"line":2,"column":37}},"2":{"start":{"line":3,"column":38},"end":{"line":3,"column":171}},"3":{"start":{"line":4,"column":35},"end":{"line":4,"column":132}}},"fnMap":{},"branchMap":{},"s":{"0":3,"1":3,"2":3,"3":3},"f":{},"b":{},"meta":{"lastBranch":0,"lastFunction":0,"lastStatement":4,"seen":{"s:1:31:1:38":0,"s:2:25:2:37":1,"s:3:38:3:171":2,"s:4:35:4:132":3},"fnNames":{}}}
,"C:\\Users\\cesar\\.gemini\\antigravity\\scratch\\Red de Arquitectura de Industria Afores (RAIA)\\src\\data\\regulatory\\regulatory-gaps.json": {"path":"C:\\Users\\cesar\\.gemini\\antigravity\\scratch\\Red de Arquitectura de Industria Afores (RAIA)\\src\\data\\regulatory\\regulatory-gaps.json","statementMap":{},"fnMap":{},"branchMap":{},"s":{},"f":{},"b":{},"meta":{"lastBranch":0,"lastFunction":0,"lastStatement":0,"seen":{},"fnNames":{}}}
,"C:\\Users\\cesar\\.gemini\\antigravity\\scratch\\Red de Arquitectura de Industria Afores (RAIA)\\src\\data\\regulatory\\regulatory-mappings.json": {"path":"C:\\Users\\cesar\\.gemini\\antigravity\\scratch\\Red de Arquitectura de Industria Afores (RAIA)\\src\\data\\regulatory\\regulatory-mappings.json","statementMap":{},"fnMap":{},"branchMap":{},"s":{},"f":{},"b":{},"meta":{"lastBranch":0,"lastFunction":0,"lastStatement":0,"seen":{},"fnNames":{}}}
,"C:\\Users\\cesar\\.gemini\\antigravity\\scratch\\Red de Arquitectura de Industria Afores (RAIA)\\src\\data\\regulatory\\regulatory-sources.json": {"path":"C:\\Users\\cesar\\.gemini\\antigravity\\scratch\\Red de Arquitectura de Industria Afores (RAIA)\\src\\data\\regulatory\\regulatory-sources.json","statementMap":{},"fnMap":{},"branchMap":{},"s":{},"f":{},"b":{},"meta":{"lastBranch":0,"lastFunction":0,"lastStatement":0,"seen":{},"fnNames":{}}}
,"C:\\Users\\cesar\\.gemini\\antigravity\\scratch\\Red de Arquitectura de Industria Afores (RAIA)\\src\\domain\\repositories\\landscapeRepository.ts": {"path":"C:\\Users\\cesar\\.gemini\\antigravity\\scratch\\Red de Arquitectura de Industria Afores (RAIA)\\src\\domain\\repositories\\landscapeRepository.ts","statementMap":{"0":{"start":{"line":10,"column":27},"end":{"line":10,"column":null}},"1":{"start":{"line":11,"column":27},"end":{"line":11,"column":null}},"2":{"start":{"line":12,"column":27},"end":{"line":12,"column":null}},"3":{"start":{"line":14,"column":13},"end":{"line":16,"column":null}},"4":{"start":{"line":15,"column":2},"end":{"line":15,"column":null}},"5":{"start":{"line":18,"column":13},"end":{"line":20,"column":null}},"6":{"start":{"line":19,"column":2},"end":{"line":19,"column":null}},"7":{"start":{"line":22,"column":13},"end":{"line":24,"column":null}},"8":{"start":{"line":23,"column":2},"end":{"line":23,"column":null}},"9":{"start":{"line":26,"column":13},"end":{"line":28,"column":null}},"10":{"start":{"line":27,"column":2},"end":{"line":27,"column":null}},"11":{"start":{"line":33,"column":13},"end":{"line":35,"column":null}},"12":{"start":{"line":34,"column":2},"end":{"line":34,"column":null}},"13":{"start":{"line":37,"column":13},"end":{"line":39,"column":null}},"14":{"start":{"line":38,"column":2},"end":{"line":38,"column":null}},"15":{"start":{"line":41,"column":13},"end":{"line":43,"column":null}},"16":{"start":{"line":42,"column":2},"end":{"line":42,"column":null}},"17":{"start":{"line":42,"column":42},"end":{"line":42,"column":54}},"18":{"start":{"line":45,"column":13},"end":{"line":47,"column":null}},"19":{"start":{"line":46,"column":2},"end":{"line":46,"column":null}},"20":{"start":{"line":46,"column":42},"end":{"line":46,"column":58}},"21":{"start":{"line":49,"column":13},"end":{"line":51,"column":null}},"22":{"start":{"line":50,"column":2},"end":{"line":50,"column":null}},"23":{"start":{"line":50,"column":43},"end":{"line":50,"column":55}},"24":{"start":{"line":53,"column":13},"end":{"line":55,"column":null}},"25":{"start":{"line":54,"column":2},"end":{"line":54,"column":null}},"26":{"start":{"line":54,"column":43},"end":{"line":54,"column":59}},"27":{"start":{"line":57,"column":13},"end":{"line":59,"column":null}},"28":{"start":{"line":58,"column":2},"end":{"line":58,"column":null}},"29":{"start":{"line":58,"column":41},"end":{"line":58,"column":53}},"30":{"start":{"line":61,"column":13},"end":{"line":63,"column":null}},"31":{"start":{"line":62,"column":2},"end":{"line":62,"column":null}},"32":{"start":{"line":62,"column":41},"end":{"line":62,"column":57}}},"fnMap":{"0":{"name":"(anonymous_0)","decl":{"start":{"line":14,"column":13},"end":{"line":14,"column":54}},"loc":{"start":{"line":14,"column":54},"end":{"line":16,"column":null}},"line":14},"1":{"name":"(anonymous_1)","decl":{"start":{"line":18,"column":13},"end":{"line":18,"column":58}},"loc":{"start":{"line":18,"column":58},"end":{"line":20,"column":null}},"line":18},"2":{"name":"(anonymous_2)","decl":{"start":{"line":22,"column":13},"end":{"line":22,"column":56}},"loc":{"start":{"line":22,"column":56},"end":{"line":24,"column":null}},"line":22},"3":{"name":"(anonymous_3)","decl":{"start":{"line":26,"column":13},"end":{"line":26,"column":55}},"loc":{"start":{"line":26,"column":55},"end":{"line":28,"column":null}},"line":26},"4":{"name":"(anonymous_4)","decl":{"start":{"line":33,"column":13},"end":{"line":33,"column":59}},"loc":{"start":{"line":33,"column":59},"end":{"line":35,"column":null}},"line":33},"5":{"name":"(anonymous_5)","decl":{"start":{"line":37,"column":13},"end":{"line":37,"column":54}},"loc":{"start":{"line":37,"column":54},"end":{"line":39,"column":null}},"line":37},"6":{"name":"(anonymous_6)","decl":{"start":{"line":41,"column":13},"end":{"line":41,"column":37}},"loc":{"start":{"line":41,"column":79},"end":{"line":43,"column":null}},"line":41},"7":{"name":"(anonymous_7)","decl":{"start":{"line":42,"column":29},"end":{"line":42,"column":35}},"loc":{"start":{"line":42,"column":42},"end":{"line":42,"column":54}},"line":42},"8":{"name":"(anonymous_8)","decl":{"start":{"line":45,"column":13},"end":{"line":45,"column":39}},"loc":{"start":{"line":45,"column":83},"end":{"line":47,"column":null}},"line":45},"9":{"name":"(anonymous_9)","decl":{"start":{"line":46,"column":29},"end":{"line":46,"column":35}},"loc":{"start":{"line":46,"column":42},"end":{"line":46,"column":58}},"line":46},"10":{"name":"(anonymous_10)","decl":{"start":{"line":49,"column":13},"end":{"line":49,"column":38}},"loc":{"start":{"line":49,"column":81},"end":{"line":51,"column":null}},"line":49},"11":{"name":"(anonymous_11)","decl":{"start":{"line":50,"column":30},"end":{"line":50,"column":36}},"loc":{"start":{"line":50,"column":43},"end":{"line":50,"column":55}},"line":50},"12":{"name":"(anonymous_12)","decl":{"start":{"line":53,"column":13},"end":{"line":53,"column":40}},"loc":{"start":{"line":53,"column":85},"end":{"line":55,"column":null}},"line":53},"13":{"name":"(anonymous_13)","decl":{"start":{"line":54,"column":30},"end":{"line":54,"column":36}},"loc":{"start":{"line":54,"column":43},"end":{"line":54,"column":59}},"line":54},"14":{"name":"(anonymous_14)","decl":{"start":{"line":57,"column":13},"end":{"line":57,"column":36}},"loc":{"start":{"line":57,"column":77},"end":{"line":59,"column":null}},"line":57},"15":{"name":"(anonymous_15)","decl":{"start":{"line":58,"column":28},"end":{"line":58,"column":34}},"loc":{"start":{"line":58,"column":41},"end":{"line":58,"column":53}},"line":58},"16":{"name":"(anonymous_16)","decl":{"start":{"line":61,"column":13},"end":{"line":61,"column":38}},"loc":{"start":{"line":61,"column":81},"end":{"line":63,"column":null}},"line":61},"17":{"name":"(anonymous_17)","decl":{"start":{"line":62,"column":28},"end":{"line":62,"column":34}},"loc":{"start":{"line":62,"column":41},"end":{"line":62,"column":57}},"line":62}},"branchMap":{},"s":{"0":2,"1":2,"2":2,"3":2,"4":2,"5":2,"6":2,"7":2,"8":5,"9":2,"10":2,"11":2,"12":1,"13":2,"14":2,"15":2,"16":1,"17":1,"18":2,"19":1,"20":1,"21":2,"22":0,"23":0,"24":2,"25":0,"26":0,"27":2,"28":0,"29":0,"30":2,"31":0,"32":0},"f":{"0":2,"1":2,"2":5,"3":2,"4":1,"5":2,"6":1,"7":1,"8":1,"9":1,"10":0,"11":0,"12":0,"13":0,"14":0,"15":0,"16":0,"17":0},"b":{},"meta":{"lastBranch":0,"lastFunction":18,"lastStatement":33,"seen":{"s:10:27:10:Infinity":0,"s:11:27:11:Infinity":1,"s:12:27:12:Infinity":2,"s:14:13:16:Infinity":3,"f:14:13:14:54":0,"s:15:2:15:Infinity":4,"s:18:13:20:Infinity":5,"f:18:13:18:58":1,"s:19:2:19:Infinity":6,"s:22:13:24:Infinity":7,"f:22:13:22:56":2,"s:23:2:23:Infinity":8,"s:26:13:28:Infinity":9,"f:26:13:26:55":3,"s:27:2:27:Infinity":10,"s:33:13:35:Infinity":11,"f:33:13:33:59":4,"s:34:2:34:Infinity":12,"s:37:13:39:Infinity":13,"f:37:13:37:54":5,"s:38:2:38:Infinity":14,"s:41:13:43:Infinity":15,"f:41:13:41:37":6,"s:42:2:42:Infinity":16,"f:42:29:42:35":7,"s:42:42:42:54":17,"s:45:13:47:Infinity":18,"f:45:13:45:39":8,"s:46:2:46:Infinity":19,"f:46:29:46:35":9,"s:46:42:46:58":20,"s:49:13:51:Infinity":21,"f:49:13:49:38":10,"s:50:2:50:Infinity":22,"f:50:30:50:36":11,"s:50:43:50:55":23,"s:53:13:55:Infinity":24,"f:53:13:53:40":12,"s:54:2:54:Infinity":25,"f:54:30:54:36":13,"s:54:43:54:59":26,"s:57:13:59:Infinity":27,"f:57:13:57:36":14,"s:58:2:58:Infinity":28,"f:58:28:58:34":15,"s:58:41:58:53":29,"s:61:13:63:Infinity":30,"f:61:13:61:38":16,"s:62:2:62:Infinity":31,"f:62:28:62:34":17,"s:62:41:62:57":32},"fnNames":{}}}
,"C:\\Users\\cesar\\.gemini\\antigravity\\scratch\\Red de Arquitectura de Industria Afores (RAIA)\\src\\domain\\repositories\\portalRepository.ts": {"path":"C:\\Users\\cesar\\.gemini\\antigravity\\scratch\\Red de Arquitectura de Industria Afores (RAIA)\\src\\domain\\repositories\\portalRepository.ts","statementMap":{"0":{"start":{"line":23,"column":25},"end":{"line":23,"column":null}},"1":{"start":{"line":24,"column":26},"end":{"line":24,"column":null}},"2":{"start":{"line":25,"column":27},"end":{"line":25,"column":null}},"3":{"start":{"line":27,"column":13},"end":{"line":29,"column":null}},"4":{"start":{"line":28,"column":2},"end":{"line":28,"column":null}},"5":{"start":{"line":31,"column":13},"end":{"line":33,"column":null}},"6":{"start":{"line":32,"column":2},"end":{"line":32,"column":null}},"7":{"start":{"line":35,"column":13},"end":{"line":37,"column":null}},"8":{"start":{"line":36,"column":2},"end":{"line":36,"column":null}},"9":{"start":{"line":39,"column":13},"end":{"line":41,"column":null}},"10":{"start":{"line":40,"column":2},"end":{"line":40,"column":null}},"11":{"start":{"line":40,"column":40},"end":{"line":40,"column":55}},"12":{"start":{"line":43,"column":13},"end":{"line":199,"column":null}},"13":{"start":{"line":44,"column":16},"end":{"line":44,"column":33}},"14":{"start":{"line":45,"column":18},"end":{"line":45,"column":37}},"15":{"start":{"line":46,"column":14},"end":{"line":46,"column":32}},"16":{"start":{"line":47,"column":20},"end":{"line":47,"column":33}},"17":{"start":{"line":48,"column":20},"end":{"line":48,"column":33}},"18":{"start":{"line":50,"column":21},"end":{"line":50,"column":42}},"19":{"start":{"line":51,"column":22},"end":{"line":51,"column":44}},"20":{"start":{"line":52,"column":18},"end":{"line":52,"column":36}},"21":{"start":{"line":55,"column":24},"end":{"line":55,"column":null}},"22":{"start":{"line":55,"column":61},"end":{"line":55,"column":95}},"23":{"start":{"line":58,"column":18},"end":{"line":58,"column":null}},"24":{"start":{"line":59,"column":2},"end":{"line":63,"column":null}},"25":{"start":{"line":60,"column":4},"end":{"line":62,"column":null}},"26":{"start":{"line":61,"column":6},"end":{"line":61,"column":null}},"27":{"start":{"line":61,"column":19},"end":{"line":61,"column":null}},"28":{"start":{"line":64,"column":31},"end":{"line":64,"column":null}},"29":{"start":{"line":67,"column":43},"end":{"line":73,"column":null}},"30":{"start":{"line":74,"column":2},"end":{"line":79,"column":null}},"31":{"start":{"line":75,"column":19},"end":{"line":75,"column":null}},"32":{"start":{"line":76,"column":4},"end":{"line":78,"column":null}},"33":{"start":{"line":77,"column":6},"end":{"line":77,"column":null}},"34":{"start":{"line":82,"column":45},"end":{"line":87,"column":null}},"35":{"start":{"line":88,"column":2},"end":{"line":93,"column":null}},"36":{"start":{"line":89,"column":21},"end":{"line":89,"column":null}},"37":{"start":{"line":90,"column":4},"end":{"line":92,"column":null}},"38":{"start":{"line":91,"column":6},"end":{"line":91,"column":null}},"39":{"start":{"line":96,"column":30},"end":{"line":102,"column":null}},"40":{"start":{"line":97,"column":4},"end":{"line":97,"column":null}},"41":{"start":{"line":97,"column":52},"end":{"line":97,"column":null}},"42":{"start":{"line":98,"column":4},"end":{"line":98,"column":null}},"43":{"start":{"line":98,"column":49},"end":{"line":98,"column":null}},"44":{"start":{"line":99,"column":4},"end":{"line":99,"column":null}},"45":{"start":{"line":99,"column":57},"end":{"line":99,"column":null}},"46":{"start":{"line":100,"column":4},"end":{"line":100,"column":null}},"47":{"start":{"line":100,"column":91},"end":{"line":100,"column":null}},"48":{"start":{"line":101,"column":4},"end":{"line":101,"column":null}},"49":{"start":{"line":104,"column":35},"end":{"line":108,"column":null}},"50":{"start":{"line":105,"column":34},"end":{"line":105,"column":null}},"51":{"start":{"line":106,"column":33},"end":{"line":106,"column":null}},"52":{"start":{"line":106,"column":55},"end":{"line":106,"column":82}},"53":{"start":{"line":107,"column":4},"end":{"line":107,"column":null}},"54":{"start":{"line":111,"column":22},"end":{"line":111,"column":null}},"55":{"start":{"line":112,"column":2},"end":{"line":115,"column":null}},"56":{"start":{"line":113,"column":4},"end":{"line":113,"column":null}},"57":{"start":{"line":114,"column":4},"end":{"line":114,"column":null}},"58":{"start":{"line":116,"column":34},"end":{"line":116,"column":null}},"59":{"start":{"line":116,"column":58},"end":{"line":116,"column":81}},"60":{"start":{"line":119,"column":35},"end":{"line":119,"column":null}},"61":{"start":{"line":119,"column":59},"end":{"line":119,"column":110}},"62":{"start":{"line":122,"column":25},"end":{"line":122,"column":null}},"63":{"start":{"line":123,"column":29},"end":{"line":123,"column":null}},"64":{"start":{"line":124,"column":29},"end":{"line":124,"column":null}},"65":{"start":{"line":126,"column":2},"end":{"line":135,"column":null}},"66":{"start":{"line":127,"column":4},"end":{"line":134,"column":null}},"67":{"start":{"line":128,"column":6},"end":{"line":128,"column":null}},"68":{"start":{"line":129,"column":6},"end":{"line":133,"column":null}},"69":{"start":{"line":130,"column":8},"end":{"line":130,"column":null}},"70":{"start":{"line":131,"column":13},"end":{"line":133,"column":null}},"71":{"start":{"line":132,"column":8},"end":{"line":132,"column":null}},"72":{"start":{"line":137,"column":28},"end":{"line":137,"column":null}},"73":{"start":{"line":140,"column":23},"end":{"line":140,"column":null}},"74":{"start":{"line":141,"column":24},"end":{"line":141,"column":null}},"75":{"start":{"line":142,"column":25},"end":{"line":146,"column":null}},"76":{"start":{"line":143,"column":24},"end":{"line":143,"column":null}},"77":{"start":{"line":144,"column":25},"end":{"line":144,"column":null}},"78":{"start":{"line":144,"column":47},"end":{"line":144,"column":74}},"79":{"start":{"line":145,"column":4},"end":{"line":145,"column":null}},"80":{"start":{"line":148,"column":27},"end":{"line":152,"column":null}},"81":{"start":{"line":149,"column":4},"end":{"line":151,"column":null}},"82":{"start":{"line":154,"column":30},"end":{"line":154,"column":null}},"83":{"start":{"line":154,"column":53},"end":{"line":154,"column":124}},"84":{"start":{"line":155,"column":33},"end":{"line":155,"column":null}},"85":{"start":{"line":155,"column":56},"end":{"line":155,"column":148}},"86":{"start":{"line":156,"column":31},"end":{"line":156,"column":null}},"87":{"start":{"line":156,"column":55},"end":{"line":156,"column":87}},"88":{"start":{"line":159,"column":31},"end":{"line":159,"column":null}},"89":{"start":{"line":160,"column":32},"end":{"line":164,"column":null}},"90":{"start":{"line":161,"column":24},"end":{"line":161,"column":null}},"91":{"start":{"line":162,"column":25},"end":{"line":162,"column":null}},"92":{"start":{"line":162,"column":47},"end":{"line":162,"column":110}},"93":{"start":{"line":163,"column":4},"end":{"line":163,"column":null}},"94":{"start":{"line":166,"column":29},"end":{"line":166,"column":null}},"95":{"start":{"line":168,"column":2},"end":{"line":198,"column":null}}},"fnMap":{"0":{"name":"(anonymous_0)","decl":{"start":{"line":27,"column":13},"end":{"line":27,"column":54}},"loc":{"start":{"line":27,"column":54},"end":{"line":29,"column":null}},"line":27},"1":{"name":"(anonymous_1)","decl":{"start":{"line":31,"column":13},"end":{"line":31,"column":56}},"loc":{"start":{"line":31,"column":56},"end":{"line":33,"column":null}},"line":31},"2":{"name":"(anonymous_2)","decl":{"start":{"line":35,"column":13},"end":{"line":35,"column":70}},"loc":{"start":{"line":35,"column":70},"end":{"line":37,"column":null}},"line":35},"3":{"name":"(anonymous_3)","decl":{"start":{"line":39,"column":13},"end":{"line":39,"column":38}},"loc":{"start":{"line":39,"column":81},"end":{"line":41,"column":null}},"line":39},"4":{"name":"(anonymous_4)","decl":{"start":{"line":40,"column":28},"end":{"line":40,"column":34}},"loc":{"start":{"line":40,"column":40},"end":{"line":40,"column":55}},"line":40},"5":{"name":"(anonymous_5)","decl":{"start":{"line":43,"column":13},"end":{"line":43,"column":44}},"loc":{"start":{"line":43,"column":44},"end":{"line":199,"column":null}},"line":43},"6":{"name":"(anonymous_6)","decl":{"start":{"line":55,"column":28},"end":{"line":55,"column":36}},"loc":{"start":{"line":55,"column":61},"end":{"line":55,"column":95}},"line":55},"7":{"name":"(anonymous_7)","decl":{"start":{"line":59,"column":6},"end":{"line":59,"column":15}},"loc":{"start":{"line":59,"column":27},"end":{"line":63,"column":3}},"line":59},"8":{"name":"(anonymous_8)","decl":{"start":{"line":60,"column":24},"end":{"line":60,"column":33}},"loc":{"start":{"line":60,"column":45},"end":{"line":62,"column":5}},"line":60},"9":{"name":"(anonymous_9)","decl":{"start":{"line":74,"column":6},"end":{"line":74,"column":15}},"loc":{"start":{"line":74,"column":27},"end":{"line":79,"column":3}},"line":74},"10":{"name":"(anonymous_10)","decl":{"start":{"line":88,"column":6},"end":{"line":88,"column":15}},"loc":{"start":{"line":88,"column":27},"end":{"line":93,"column":3}},"line":88},"11":{"name":"(anonymous_11)","decl":{"start":{"line":96,"column":34},"end":{"line":96,"column":42}},"loc":{"start":{"line":96,"column":54},"end":{"line":102,"column":3}},"line":96},"12":{"name":"(anonymous_12)","decl":{"start":{"line":104,"column":55},"end":{"line":104,"column":63}},"loc":{"start":{"line":104,"column":75},"end":{"line":108,"column":3}},"line":104},"13":{"name":"(anonymous_13)","decl":{"start":{"line":106,"column":45},"end":{"line":106,"column":50}},"loc":{"start":{"line":106,"column":55},"end":{"line":106,"column":82}},"line":106},"14":{"name":"(anonymous_14)","decl":{"start":{"line":112,"column":12},"end":{"line":112,"column":21}},"loc":{"start":{"line":112,"column":32},"end":{"line":115,"column":3}},"line":112},"15":{"name":"(anonymous_15)","decl":{"start":{"line":116,"column":38},"end":{"line":116,"column":46}},"loc":{"start":{"line":116,"column":58},"end":{"line":116,"column":81}},"line":116},"16":{"name":"(anonymous_16)","decl":{"start":{"line":119,"column":39},"end":{"line":119,"column":47}},"loc":{"start":{"line":119,"column":59},"end":{"line":119,"column":110}},"line":119},"17":{"name":"(anonymous_17)","decl":{"start":{"line":126,"column":6},"end":{"line":126,"column":15}},"loc":{"start":{"line":126,"column":27},"end":{"line":135,"column":3}},"line":126},"18":{"name":"(anonymous_18)","decl":{"start":{"line":127,"column":19},"end":{"line":127,"column":28}},"loc":{"start":{"line":127,"column":38},"end":{"line":134,"column":5}},"line":127},"19":{"name":"(anonymous_19)","decl":{"start":{"line":142,"column":29},"end":{"line":142,"column":37}},"loc":{"start":{"line":142,"column":49},"end":{"line":146,"column":3}},"line":142},"20":{"name":"(anonymous_20)","decl":{"start":{"line":144,"column":37},"end":{"line":144,"column":42}},"loc":{"start":{"line":144,"column":47},"end":{"line":144,"column":74}},"line":144},"21":{"name":"(anonymous_21)","decl":{"start":{"line":148,"column":31},"end":{"line":148,"column":39}},"loc":{"start":{"line":148,"column":51},"end":{"line":152,"column":3}},"line":148},"22":{"name":"(anonymous_22)","decl":{"start":{"line":154,"column":41},"end":{"line":154,"column":48}},"loc":{"start":{"line":154,"column":53},"end":{"line":154,"column":124}},"line":154},"23":{"name":"(anonymous_23)","decl":{"start":{"line":155,"column":44},"end":{"line":155,"column":51}},"loc":{"start":{"line":155,"column":56},"end":{"line":155,"column":148}},"line":155},"24":{"name":"(anonymous_24)","decl":{"start":{"line":156,"column":43},"end":{"line":156,"column":50}},"loc":{"start":{"line":156,"column":55},"end":{"line":156,"column":87}},"line":156},"25":{"name":"(anonymous_25)","decl":{"start":{"line":160,"column":52},"end":{"line":160,"column":60}},"loc":{"start":{"line":160,"column":72},"end":{"line":164,"column":3}},"line":160},"26":{"name":"(anonymous_26)","decl":{"start":{"line":162,"column":37},"end":{"line":162,"column":42}},"loc":{"start":{"line":162,"column":47},"end":{"line":162,"column":110}},"line":162}},"branchMap":{"0":{"loc":{"start":{"line":55,"column":68},"end":{"line":55,"column":95}},"type":"binary-expr","locations":[{"start":{"line":55,"column":68},"end":{"line":55,"column":91}},{"start":{"line":55,"column":91},"end":{"line":55,"column":95}}],"line":55},"1":{"loc":{"start":{"line":61,"column":6},"end":{"line":61,"column":null}},"type":"if","locations":[{"start":{"line":61,"column":6},"end":{"line":61,"column":null}},{"start":{},"end":{}}],"line":61},"2":{"loc":{"start":{"line":75,"column":19},"end":{"line":75,"column":null}},"type":"binary-expr","locations":[{"start":{"line":75,"column":19},"end":{"line":75,"column":32}},{"start":{"line":75,"column":32},"end":{"line":75,"column":null}}],"line":75},"3":{"loc":{"start":{"line":76,"column":4},"end":{"line":78,"column":null}},"type":"if","locations":[{"start":{"line":76,"column":4},"end":{"line":78,"column":null}},{"start":{},"end":{}}],"line":76},"4":{"loc":{"start":{"line":89,"column":21},"end":{"line":89,"column":null}},"type":"binary-expr","locations":[{"start":{"line":89,"column":21},"end":{"line":89,"column":36}},{"start":{"line":89,"column":36},"end":{"line":89,"column":null}}],"line":89},"5":{"loc":{"start":{"line":90,"column":4},"end":{"line":92,"column":null}},"type":"if","locations":[{"start":{"line":90,"column":4},"end":{"line":92,"column":null}},{"start":{},"end":{}}],"line":90},"6":{"loc":{"start":{"line":97,"column":4},"end":{"line":97,"column":null}},"type":"if","locations":[{"start":{"line":97,"column":4},"end":{"line":97,"column":null}},{"start":{},"end":{}}],"line":97},"7":{"loc":{"start":{"line":98,"column":4},"end":{"line":98,"column":null}},"type":"if","locations":[{"start":{"line":98,"column":4},"end":{"line":98,"column":null}},{"start":{},"end":{}}],"line":98},"8":{"loc":{"start":{"line":99,"column":4},"end":{"line":99,"column":null}},"type":"if","locations":[{"start":{"line":99,"column":4},"end":{"line":99,"column":null}},{"start":{},"end":{}}],"line":99},"9":{"loc":{"start":{"line":100,"column":4},"end":{"line":100,"column":null}},"type":"if","locations":[{"start":{"line":100,"column":4},"end":{"line":100,"column":null}},{"start":{},"end":{}}],"line":100},"10":{"loc":{"start":{"line":100,"column":8},"end":{"line":100,"column":91}},"type":"binary-expr","locations":[{"start":{"line":100,"column":8},"end":{"line":100,"column":54}},{"start":{"line":100,"column":54},"end":{"line":100,"column":91}}],"line":100},"11":{"loc":{"start":{"line":105,"column":34},"end":{"line":105,"column":null}},"type":"binary-expr","locations":[{"start":{"line":105,"column":34},"end":{"line":105,"column":61}},{"start":{"line":105,"column":61},"end":{"line":105,"column":null}}],"line":105},"12":{"loc":{"start":{"line":107,"column":11},"end":{"line":107,"column":null}},"type":"binary-expr","locations":[{"start":{"line":107,"column":11},"end":{"line":107,"column":37}},{"start":{"line":107,"column":37},"end":{"line":107,"column":null}}],"line":107},"13":{"loc":{"start":{"line":119,"column":59},"end":{"line":119,"column":110}},"type":"binary-expr","locations":[{"start":{"line":119,"column":59},"end":{"line":119,"column":88}},{"start":{"line":119,"column":88},"end":{"line":119,"column":110}}],"line":119},"14":{"loc":{"start":{"line":129,"column":6},"end":{"line":133,"column":null}},"type":"if","locations":[{"start":{"line":129,"column":6},"end":{"line":133,"column":null}},{"start":{"line":131,"column":13},"end":{"line":133,"column":null}}],"line":129},"15":{"loc":{"start":{"line":129,"column":10},"end":{"line":129,"column":73}},"type":"binary-expr","locations":[{"start":{"line":129,"column":10},"end":{"line":129,"column":23}},{"start":{"line":129,"column":23},"end":{"line":129,"column":51}},{"start":{"line":129,"column":51},"end":{"line":129,"column":73}}],"line":129},"16":{"loc":{"start":{"line":131,"column":13},"end":{"line":133,"column":null}},"type":"if","locations":[{"start":{"line":131,"column":13},"end":{"line":133,"column":null}},{"start":{},"end":{}}],"line":131},"17":{"loc":{"start":{"line":131,"column":17},"end":{"line":131,"column":88}},"type":"binary-expr","locations":[{"start":{"line":131,"column":17},"end":{"line":131,"column":30}},{"start":{"line":131,"column":30},"end":{"line":131,"column":63}},{"start":{"line":131,"column":63},"end":{"line":131,"column":88}}],"line":131},"18":{"loc":{"start":{"line":137,"column":28},"end":{"line":137,"column":null}},"type":"cond-expr","locations":[{"start":{"line":137,"column":55},"end":{"line":137,"column":121}},{"start":{"line":137,"column":121},"end":{"line":137,"column":null}}],"line":137},"19":{"loc":{"start":{"line":143,"column":24},"end":{"line":143,"column":null}},"type":"binary-expr","locations":[{"start":{"line":143,"column":24},"end":{"line":143,"column":51}},{"start":{"line":143,"column":51},"end":{"line":143,"column":null}}],"line":143},"20":{"loc":{"start":{"line":145,"column":11},"end":{"line":145,"column":null}},"type":"binary-expr","locations":[{"start":{"line":145,"column":11},"end":{"line":145,"column":26}},{"start":{"line":145,"column":26},"end":{"line":145,"column":null}}],"line":145},"21":{"loc":{"start":{"line":149,"column":11},"end":{"line":151,"column":null}},"type":"binary-expr","locations":[{"start":{"line":149,"column":11},"end":{"line":149,"column":null}},{"start":{"line":150,"column":11},"end":{"line":150,"column":null}},{"start":{"line":151,"column":11},"end":{"line":151,"column":null}}],"line":149},"22":{"loc":{"start":{"line":154,"column":53},"end":{"line":154,"column":124}},"type":"binary-expr","locations":[{"start":{"line":154,"column":53},"end":{"line":154,"column":92}},{"start":{"line":154,"column":92},"end":{"line":154,"column":124}}],"line":154},"23":{"loc":{"start":{"line":155,"column":56},"end":{"line":155,"column":148}},"type":"binary-expr","locations":[{"start":{"line":155,"column":56},"end":{"line":155,"column":85}},{"start":{"line":155,"column":85},"end":{"line":155,"column":113}},{"start":{"line":155,"column":113},"end":{"line":155,"column":148}}],"line":155},"24":{"loc":{"start":{"line":161,"column":24},"end":{"line":161,"column":null}},"type":"binary-expr","locations":[{"start":{"line":161,"column":24},"end":{"line":161,"column":51}},{"start":{"line":161,"column":51},"end":{"line":161,"column":null}}],"line":161},"25":{"loc":{"start":{"line":162,"column":47},"end":{"line":162,"column":110}},"type":"binary-expr","locations":[{"start":{"line":162,"column":47},"end":{"line":162,"column":78}},{"start":{"line":162,"column":78},"end":{"line":162,"column":110}}],"line":162},"26":{"loc":{"start":{"line":163,"column":11},"end":{"line":163,"column":null}},"type":"binary-expr","locations":[{"start":{"line":163,"column":11},"end":{"line":163,"column":26}},{"start":{"line":163,"column":26},"end":{"line":163,"column":null}}],"line":163},"27":{"loc":{"start":{"line":166,"column":29},"end":{"line":166,"column":null}},"type":"cond-expr","locations":[{"start":{"line":166,"column":56},"end":{"line":166,"column":123}},{"start":{"line":166,"column":123},"end":{"line":166,"column":null}}],"line":166},"28":{"loc":{"start":{"line":196,"column":19},"end":{"line":196,"column":null}},"type":"binary-expr","locations":[{"start":{"line":196,"column":19},"end":{"line":196,"column":45}},{"start":{"line":196,"column":45},"end":{"line":196,"column":null}}],"line":196},"29":{"loc":{"start":{"line":197,"column":21},"end":{"line":197,"column":null}},"type":"binary-expr","locations":[{"start":{"line":197,"column":21},"end":{"line":197,"column":53}},{"start":{"line":197,"column":53},"end":{"line":197,"column":null}}],"line":197}},"s":{"0":3,"1":3,"2":3,"3":3,"4":1,"5":3,"6":3,"7":3,"8":1,"9":3,"10":0,"11":0,"12":3,"13":4,"14":4,"15":4,"16":4,"17":4,"18":4,"19":4,"20":4,"21":4,"22":275,"23":4,"24":4,"25":275,"26":277,"27":277,"28":4,"29":4,"30":4,"31":275,"32":275,"33":275,"34":4,"35":4,"36":275,"37":275,"38":275,"39":4,"40":275,"41":0,"42":275,"43":26,"44":249,"45":0,"46":249,"47":0,"48":249,"49":4,"50":249,"51":249,"52":2193,"53":249,"54":4,"55":4,"56":42,"57":42,"58":4,"59":275,"60":4,"61":275,"62":4,"63":4,"64":4,"65":4,"66":275,"67":1925,"68":1925,"69":1442,"70":483,"71":0,"72":4,"73":4,"74":4,"75":4,"76":275,"77":275,"78":2427,"79":275,"80":4,"81":275,"82":4,"83":11,"84":4,"85":11,"86":4,"87":10,"88":4,"89":4,"90":249,"91":249,"92":2201,"93":249,"94":4,"95":4},"f":{"0":1,"1":3,"2":1,"3":0,"4":0,"5":4,"6":275,"7":275,"8":277,"9":275,"10":275,"11":275,"12":249,"13":2193,"14":42,"15":275,"16":275,"17":275,"18":1925,"19":275,"20":2427,"21":275,"22":11,"23":11,"24":10,"25":249,"26":2201},"b":{"0":[275,1],"1":[277,0],"2":[275,0],"3":[275,0],"4":[275,0],"5":[275,0],"6":[0,275],"7":[26,249],"8":[0,249],"9":[0,249],"10":[249,32],"11":[249,247],"12":[249,242],"13":[275,275],"14":[1442,483],"15":[1925,1923,1923],"16":[0,483],"17":[483,481,0],"18":[3,1],"19":[275,273],"20":[275,268],"21":[275,268,268],"22":[11,10],"23":[11,11,10],"24":[249,247],"25":[2201,7],"26":[249,242],"27":[3,1],"28":[4,0],"29":[4,0]},"meta":{"lastBranch":30,"lastFunction":27,"lastStatement":96,"seen":{"s:23:25:23:Infinity":0,"s:24:26:24:Infinity":1,"s:25:27:25:Infinity":2,"s:27:13:29:Infinity":3,"f:27:13:27:54":0,"s:28:2:28:Infinity":4,"s:31:13:33:Infinity":5,"f:31:13:31:56":1,"s:32:2:32:Infinity":6,"s:35:13:37:Infinity":7,"f:35:13:35:70":2,"s:36:2:36:Infinity":8,"s:39:13:41:Infinity":9,"f:39:13:39:38":3,"s:40:2:40:Infinity":10,"f:40:28:40:34":4,"s:40:40:40:55":11,"s:43:13:199:Infinity":12,"f:43:13:43:44":5,"s:44:16:44:33":13,"s:45:18:45:37":14,"s:46:14:46:32":15,"s:47:20:47:33":16,"s:48:20:48:33":17,"s:50:21:50:42":18,"s:51:22:51:44":19,"s:52:18:52:36":20,"s:55:24:55:Infinity":21,"f:55:28:55:36":6,"s:55:61:55:95":22,"b:55:68:55:91:55:91:55:95":0,"s:58:18:58:Infinity":23,"s:59:2:63:Infinity":24,"f:59:6:59:15":7,"s:60:4:62:Infinity":25,"f:60:24:60:33":8,"b:61:6:61:Infinity:undefined:undefined:undefined:undefined":1,"s:61:6:61:Infinity":26,"s:61:19:61:Infinity":27,"s:64:31:64:Infinity":28,"s:67:43:73:Infinity":29,"s:74:2:79:Infinity":30,"f:74:6:74:15":9,"s:75:19:75:Infinity":31,"b:75:19:75:32:75:32:75:Infinity":2,"b:76:4:78:Infinity:undefined:undefined:undefined:undefined":3,"s:76:4:78:Infinity":32,"s:77:6:77:Infinity":33,"s:82:45:87:Infinity":34,"s:88:2:93:Infinity":35,"f:88:6:88:15":10,"s:89:21:89:Infinity":36,"b:89:21:89:36:89:36:89:Infinity":4,"b:90:4:92:Infinity:undefined:undefined:undefined:undefined":5,"s:90:4:92:Infinity":37,"s:91:6:91:Infinity":38,"s:96:30:102:Infinity":39,"f:96:34:96:42":11,"b:97:4:97:Infinity:undefined:undefined:undefined:undefined":6,"s:97:4:97:Infinity":40,"s:97:52:97:Infinity":41,"b:98:4:98:Infinity:undefined:undefined:undefined:undefined":7,"s:98:4:98:Infinity":42,"s:98:49:98:Infinity":43,"b:99:4:99:Infinity:undefined:undefined:undefined:undefined":8,"s:99:4:99:Infinity":44,"s:99:57:99:Infinity":45,"b:100:4:100:Infinity:undefined:undefined:undefined:undefined":9,"s:100:4:100:Infinity":46,"b:100:8:100:54:100:54:100:91":10,"s:100:91:100:Infinity":47,"s:101:4:101:Infinity":48,"s:104:35:108:Infinity":49,"f:104:55:104:63":12,"s:105:34:105:Infinity":50,"b:105:34:105:61:105:61:105:Infinity":11,"s:106:33:106:Infinity":51,"f:106:45:106:50":13,"s:106:55:106:82":52,"s:107:4:107:Infinity":53,"b:107:11:107:37:107:37:107:Infinity":12,"s:111:22:111:Infinity":54,"s:112:2:115:Infinity":55,"f:112:12:112:21":14,"s:113:4:113:Infinity":56,"s:114:4:114:Infinity":57,"s:116:34:116:Infinity":58,"f:116:38:116:46":15,"s:116:58:116:81":59,"s:119:35:119:Infinity":60,"f:119:39:119:47":16,"s:119:59:119:110":61,"b:119:59:119:88:119:88:119:110":13,"s:122:25:122:Infinity":62,"s:123:29:123:Infinity":63,"s:124:29:124:Infinity":64,"s:126:2:135:Infinity":65,"f:126:6:126:15":17,"s:127:4:134:Infinity":66,"f:127:19:127:28":18,"s:128:6:128:Infinity":67,"b:129:6:133:Infinity:131:13:133:Infinity":14,"s:129:6:133:Infinity":68,"b:129:10:129:23:129:23:129:51:129:51:129:73":15,"s:130:8:130:Infinity":69,"b:131:13:133:Infinity:undefined:undefined:undefined:undefined":16,"s:131:13:133:Infinity":70,"b:131:17:131:30:131:30:131:63:131:63:131:88":17,"s:132:8:132:Infinity":71,"s:137:28:137:Infinity":72,"b:137:55:137:121:137:121:137:Infinity":18,"s:140:23:140:Infinity":73,"s:141:24:141:Infinity":74,"s:142:25:146:Infinity":75,"f:142:29:142:37":19,"s:143:24:143:Infinity":76,"b:143:24:143:51:143:51:143:Infinity":19,"s:144:25:144:Infinity":77,"f:144:37:144:42":20,"s:144:47:144:74":78,"s:145:4:145:Infinity":79,"b:145:11:145:26:145:26:145:Infinity":20,"s:148:27:152:Infinity":80,"f:148:31:148:39":21,"s:149:4:151:Infinity":81,"b:149:11:149:Infinity:150:11:150:Infinity:151:11:151:Infinity":21,"s:154:30:154:Infinity":82,"f:154:41:154:48":22,"s:154:53:154:124":83,"b:154:53:154:92:154:92:154:124":22,"s:155:33:155:Infinity":84,"f:155:44:155:51":23,"s:155:56:155:148":85,"b:155:56:155:85:155:85:155:113:155:113:155:148":23,"s:156:31:156:Infinity":86,"f:156:43:156:50":24,"s:156:55:156:87":87,"s:159:31:159:Infinity":88,"s:160:32:164:Infinity":89,"f:160:52:160:60":25,"s:161:24:161:Infinity":90,"b:161:24:161:51:161:51:161:Infinity":24,"s:162:25:162:Infinity":91,"f:162:37:162:42":26,"s:162:47:162:110":92,"b:162:47:162:78:162:78:162:110":25,"s:163:4:163:Infinity":93,"b:163:11:163:26:163:26:163:Infinity":26,"s:166:29:166:Infinity":94,"b:166:56:166:123:166:123:166:Infinity":27,"s:168:2:198:Infinity":95,"b:196:19:196:45:196:45:196:Infinity":28,"b:197:21:197:53:197:53:197:Infinity":29},"fnNames":{}}}
,"C:\\Users\\cesar\\.gemini\\antigravity\\scratch\\Red de Arquitectura de Industria Afores (RAIA)\\src\\domain\\repositories\\regulatoryRepository.ts": {"path":"C:\\Users\\cesar\\.gemini\\antigravity\\scratch\\Red de Arquitectura de Industria Afores (RAIA)\\src\\domain\\repositories\\regulatoryRepository.ts","statementMap":{"0":{"start":{"line":10,"column":25},"end":{"line":10,"column":null}},"1":{"start":{"line":11,"column":26},"end":{"line":11,"column":null}},"2":{"start":{"line":12,"column":22},"end":{"line":12,"column":null}},"3":{"start":{"line":14,"column":13},"end":{"line":16,"column":null}},"4":{"start":{"line":15,"column":2},"end":{"line":15,"column":null}},"5":{"start":{"line":18,"column":13},"end":{"line":20,"column":null}},"6":{"start":{"line":19,"column":2},"end":{"line":19,"column":null}},"7":{"start":{"line":22,"column":13},"end":{"line":24,"column":null}},"8":{"start":{"line":23,"column":2},"end":{"line":23,"column":null}},"9":{"start":{"line":26,"column":13},"end":{"line":28,"column":null}},"10":{"start":{"line":27,"column":2},"end":{"line":27,"column":null}},"11":{"start":{"line":27,"column":44},"end":{"line":27,"column":55}},"12":{"start":{"line":30,"column":13},"end":{"line":32,"column":null}},"13":{"start":{"line":31,"column":2},"end":{"line":31,"column":null}},"14":{"start":{"line":31,"column":45},"end":{"line":31,"column":56}},"15":{"start":{"line":34,"column":13},"end":{"line":36,"column":null}},"16":{"start":{"line":35,"column":2},"end":{"line":35,"column":null}},"17":{"start":{"line":35,"column":47},"end":{"line":35,"column":73}}},"fnMap":{"0":{"name":"(anonymous_0)","decl":{"start":{"line":14,"column":13},"end":{"line":14,"column":62}},"loc":{"start":{"line":14,"column":62},"end":{"line":16,"column":null}},"line":14},"1":{"name":"(anonymous_1)","decl":{"start":{"line":18,"column":13},"end":{"line":18,"column":64}},"loc":{"start":{"line":18,"column":64},"end":{"line":20,"column":null}},"line":18},"2":{"name":"(anonymous_2)","decl":{"start":{"line":22,"column":13},"end":{"line":22,"column":66}},"loc":{"start":{"line":22,"column":66},"end":{"line":24,"column":null}},"line":22},"3":{"name":"(anonymous_3)","decl":{"start":{"line":26,"column":13},"end":{"line":26,"column":40}},"loc":{"start":{"line":26,"column":85},"end":{"line":28,"column":null}},"line":26},"4":{"name":"(anonymous_4)","decl":{"start":{"line":27,"column":32},"end":{"line":27,"column":38}},"loc":{"start":{"line":27,"column":44},"end":{"line":27,"column":55}},"line":27},"5":{"name":"(anonymous_5)","decl":{"start":{"line":30,"column":13},"end":{"line":30,"column":41}},"loc":{"start":{"line":30,"column":87},"end":{"line":32,"column":null}},"line":30},"6":{"name":"(anonymous_6)","decl":{"start":{"line":31,"column":33},"end":{"line":31,"column":39}},"loc":{"start":{"line":31,"column":45},"end":{"line":31,"column":56}},"line":31},"7":{"name":"(anonymous_7)","decl":{"start":{"line":34,"column":13},"end":{"line":34,"column":54}},"loc":{"start":{"line":34,"column":92},"end":{"line":36,"column":null}},"line":34},"8":{"name":"(anonymous_8)","decl":{"start":{"line":35,"column":33},"end":{"line":35,"column":41}},"loc":{"start":{"line":35,"column":47},"end":{"line":35,"column":73}},"line":35}},"branchMap":{},"s":{"0":2,"1":2,"2":2,"3":2,"4":1,"5":2,"6":1,"7":2,"8":1,"9":2,"10":0,"11":0,"12":2,"13":0,"14":0,"15":2,"16":0,"17":0},"f":{"0":1,"1":1,"2":1,"3":0,"4":0,"5":0,"6":0,"7":0,"8":0},"b":{},"meta":{"lastBranch":0,"lastFunction":9,"lastStatement":18,"seen":{"s:10:25:10:Infinity":0,"s:11:26:11:Infinity":1,"s:12:22:12:Infinity":2,"s:14:13:16:Infinity":3,"f:14:13:14:62":0,"s:15:2:15:Infinity":4,"s:18:13:20:Infinity":5,"f:18:13:18:64":1,"s:19:2:19:Infinity":6,"s:22:13:24:Infinity":7,"f:22:13:22:66":2,"s:23:2:23:Infinity":8,"s:26:13:28:Infinity":9,"f:26:13:26:40":3,"s:27:2:27:Infinity":10,"f:27:32:27:38":4,"s:27:44:27:55":11,"s:30:13:32:Infinity":12,"f:30:13:30:41":5,"s:31:2:31:Infinity":13,"f:31:33:31:39":6,"s:31:45:31:56":14,"s:34:13:36:Infinity":15,"f:34:13:34:54":7,"s:35:2:35:Infinity":16,"f:35:33:35:41":8,"s:35:47:35:73":17},"fnNames":{}}}
,"C:\\Users\\cesar\\.gemini\\antigravity\\scratch\\Red de Arquitectura de Industria Afores (RAIA)\\src\\domain\\repositories\\scenarioNarrativeRepository.ts": {"path":"C:\\Users\\cesar\\.gemini\\antigravity\\scratch\\Red de Arquitectura de Industria Afores (RAIA)\\src\\domain\\repositories\\scenarioNarrativeRepository.ts","statementMap":{"0":{"start":{"line":8,"column":4},"end":{"line":8,"column":null}},"1":{"start":{"line":12,"column":4},"end":{"line":22,"column":null}},"2":{"start":{"line":13,"column":6},"end":{"line":19,"column":null}},"3":{"start":{"line":15,"column":23},"end":{"line":15,"column":null}},"4":{"start":{"line":15,"column":79},"end":{"line":15,"column":87}},"5":{"start":{"line":16,"column":8},"end":{"line":18,"column":null}},"6":{"start":{"line":17,"column":10},"end":{"line":17,"column":null}},"7":{"start":{"line":21,"column":6},"end":{"line":21,"column":null}},"8":{"start":{"line":26,"column":4},"end":{"line":26,"column":null}},"9":{"start":{"line":30,"column":4},"end":{"line":30,"column":null}},"10":{"start":{"line":34,"column":4},"end":{"line":36,"column":null}},"11":{"start":{"line":35,"column":6},"end":{"line":35,"column":null}},"12":{"start":{"line":40,"column":43},"end":{"line":40,"column":null}}},"fnMap":{"0":{"name":"constructor","decl":{"start":{"line":7,"column":2},"end":{"line":7,"column":16}},"loc":{"start":{"line":7,"column":16},"end":{"line":9,"column":null}},"line":7},"1":{"name":"loadAll","decl":{"start":{"line":11,"column":15},"end":{"line":11,"column":40}},"loc":{"start":{"line":11,"column":40},"end":{"line":23,"column":null}},"line":11},"2":{"name":"(anonymous_2)","decl":{"start":{"line":15,"column":69},"end":{"line":15,"column":74}},"loc":{"start":{"line":15,"column":79},"end":{"line":15,"column":87}},"line":15},"3":{"name":"(anonymous_3)","decl":{"start":{"line":16,"column":31},"end":{"line":16,"column":40}},"loc":{"start":{"line":16,"column":55},"end":{"line":18,"column":9}},"line":16},"4":{"name":"getById","decl":{"start":{"line":25,"column":2},"end":{"line":25,"column":9}},"loc":{"start":{"line":25,"column":72},"end":{"line":27,"column":null}},"line":25},"5":{"name":"getAll","decl":{"start":{"line":29,"column":2},"end":{"line":29,"column":9}},"loc":{"start":{"line":29,"column":51},"end":{"line":31,"column":null}},"line":29},"6":{"name":"preloadData","decl":{"start":{"line":33,"column":2},"end":{"line":33,"column":9}},"loc":{"start":{"line":33,"column":50},"end":{"line":37,"column":null}},"line":33},"7":{"name":"(anonymous_7)","decl":{"start":{"line":34,"column":27},"end":{"line":34,"column":36}},"loc":{"start":{"line":34,"column":51},"end":{"line":36,"column":5}},"line":34}},"branchMap":{"0":{"loc":{"start":{"line":13,"column":6},"end":{"line":19,"column":null}},"type":"if","locations":[{"start":{"line":13,"column":6},"end":{"line":19,"column":null}},{"start":{},"end":{}}],"line":13}},"s":{"0":1,"1":0,"2":0,"3":0,"4":0,"5":0,"6":0,"7":0,"8":1,"9":2,"10":1,"11":1,"12":1},"f":{"0":1,"1":0,"2":0,"3":0,"4":1,"5":2,"6":1,"7":1},"b":{"0":[0,0]},"meta":{"lastBranch":1,"lastFunction":8,"lastStatement":13,"seen":{"f:7:2:7:16":0,"s:8:4:8:Infinity":0,"f:11:15:11:40":1,"s:12:4:22:Infinity":1,"b:13:6:19:Infinity:undefined:undefined:undefined:undefined":0,"s:13:6:19:Infinity":2,"s:15:23:15:Infinity":3,"f:15:69:15:74":2,"s:15:79:15:87":4,"s:16:8:18:Infinity":5,"f:16:31:16:40":3,"s:17:10:17:Infinity":6,"s:21:6:21:Infinity":7,"f:25:2:25:9":4,"s:26:4:26:Infinity":8,"f:29:2:29:9":5,"s:30:4:30:Infinity":9,"f:33:2:33:9":6,"s:34:4:36:Infinity":10,"f:34:27:34:36":7,"s:35:6:35:Infinity":11,"s:40:43:40:Infinity":12},"fnNames":{}}}
,"C:\\Users\\cesar\\.gemini\\antigravity\\scratch\\Red de Arquitectura de Industria Afores (RAIA)\\src\\domain\\schemas\\index.ts": {"path":"C:\\Users\\cesar\\.gemini\\antigravity\\scratch\\Red de Arquitectura de Industria Afores (RAIA)\\src\\domain\\schemas\\index.ts","statementMap":{"0":{"start":{"line":3,"column":26},"end":{"line":6,"column":null}},"1":{"start":{"line":8,"column":35},"end":{"line":19,"column":null}},"2":{"start":{"line":13,"column":6},"end":{"line":15,"column":null}},"3":{"start":{"line":14,"column":8},"end":{"line":14,"column":null}},"4":{"start":{"line":16,"column":6},"end":{"line":16,"column":null}},"5":{"start":{"line":22,"column":17},"end":{"line":22,"column":null}},"6":{"start":{"line":23,"column":2},"end":{"line":26,"column":null}},"7":{"start":{"line":24,"column":4},"end":{"line":24,"column":null}},"8":{"start":{"line":25,"column":4},"end":{"line":25,"column":null}},"9":{"start":{"line":27,"column":2},"end":{"line":27,"column":null}},"10":{"start":{"line":30,"column":33},"end":{"line":43,"column":null}},"11":{"start":{"line":45,"column":37},"end":{"line":51,"column":null}},"12":{"start":{"line":53,"column":34},"end":{"line":72,"column":null}},"13":{"start":{"line":74,"column":36},"end":{"line":92,"column":null}},"14":{"start":{"line":94,"column":38},"end":{"line":110,"column":null}},"15":{"start":{"line":112,"column":35},"end":{"line":117,"column":null}},"16":{"start":{"line":119,"column":45},"end":{"line":123,"column":null}},"17":{"start":{"line":125,"column":41},"end":{"line":137,"column":null}},"18":{"start":{"line":139,"column":41},"end":{"line":144,"column":null}},"19":{"start":{"line":146,"column":46},"end":{"line":150,"column":null}},"20":{"start":{"line":152,"column":25},"end":{"line":157,"column":null}},"21":{"start":{"line":159,"column":36},"end":{"line":165,"column":null}},"22":{"start":{"line":167,"column":35},"end":{"line":280,"column":null}},"23":{"start":{"line":228,"column":25},"end":{"line":228,"column":null}},"24":{"start":{"line":229,"column":2},"end":{"line":279,"column":null}},"25":{"start":{"line":230,"column":4},"end":{"line":232,"column":null}},"26":{"start":{"line":231,"column":6},"end":{"line":231,"column":null}},"27":{"start":{"line":233,"column":4},"end":{"line":235,"column":null}},"28":{"start":{"line":234,"column":6},"end":{"line":234,"column":null}},"29":{"start":{"line":236,"column":4},"end":{"line":238,"column":null}},"30":{"start":{"line":237,"column":6},"end":{"line":237,"column":null}},"31":{"start":{"line":239,"column":4},"end":{"line":241,"column":null}},"32":{"start":{"line":240,"column":6},"end":{"line":240,"column":null}},"33":{"start":{"line":242,"column":4},"end":{"line":244,"column":null}},"34":{"start":{"line":243,"column":6},"end":{"line":243,"column":null}},"35":{"start":{"line":245,"column":4},"end":{"line":247,"column":null}},"36":{"start":{"line":246,"column":6},"end":{"line":246,"column":null}},"37":{"start":{"line":248,"column":4},"end":{"line":250,"column":null}},"38":{"start":{"line":249,"column":6},"end":{"line":249,"column":null}},"39":{"start":{"line":251,"column":4},"end":{"line":253,"column":null}},"40":{"start":{"line":252,"column":6},"end":{"line":252,"column":null}},"41":{"start":{"line":254,"column":4},"end":{"line":256,"column":null}},"42":{"start":{"line":255,"column":6},"end":{"line":255,"column":null}},"43":{"start":{"line":257,"column":4},"end":{"line":259,"column":null}},"44":{"start":{"line":258,"column":6},"end":{"line":258,"column":null}},"45":{"start":{"line":260,"column":9},"end":{"line":279,"column":null}},"46":{"start":{"line":261,"column":4},"end":{"line":263,"column":null}},"47":{"start":{"line":262,"column":6},"end":{"line":262,"column":null}},"48":{"start":{"line":264,"column":4},"end":{"line":266,"column":null}},"49":{"start":{"line":265,"column":6},"end":{"line":265,"column":null}},"50":{"start":{"line":267,"column":4},"end":{"line":269,"column":null}},"51":{"start":{"line":268,"column":6},"end":{"line":268,"column":null}},"52":{"start":{"line":270,"column":4},"end":{"line":272,"column":null}},"53":{"start":{"line":271,"column":6},"end":{"line":271,"column":null}},"54":{"start":{"line":273,"column":9},"end":{"line":279,"column":null}},"55":{"start":{"line":274,"column":4},"end":{"line":278,"column":null}},"56":{"start":{"line":275,"column":6},"end":{"line":277,"column":null}},"57":{"start":{"line":276,"column":8},"end":{"line":276,"column":null}},"58":{"start":{"line":282,"column":39},"end":{"line":305,"column":null}},"59":{"start":{"line":307,"column":42},"end":{"line":313,"column":null}},"60":{"start":{"line":315,"column":38},"end":{"line":320,"column":null}},"61":{"start":{"line":322,"column":35},"end":{"line":326,"column":null}},"62":{"start":{"line":328,"column":40},"end":{"line":333,"column":null}},"63":{"start":{"line":335,"column":34},"end":{"line":370,"column":null}},"64":{"start":{"line":372,"column":35},"end":{"line":385,"column":null}},"65":{"start":{"line":387,"column":42},"end":{"line":408,"column":null}}},"fnMap":{"0":{"name":"(anonymous_0)","decl":{"start":{"line":11,"column":3},"end":{"line":11,"column":null}},"loc":{"start":{"line":12,"column":13},"end":{"line":17,"column":null}},"line":12},"1":{"name":"assertInternalRoute","decl":{"start":{"line":21,"column":16},"end":{"line":21,"column":36}},"loc":{"start":{"line":21,"column":59},"end":{"line":28,"column":null}},"line":21},"2":{"name":"(anonymous_2)","decl":{"start":{"line":227,"column":3},"end":{"line":227,"column":16}},"loc":{"start":{"line":227,"column":29},"end":{"line":280,"column":1}},"line":227}},"branchMap":{"0":{"loc":{"start":{"line":13,"column":6},"end":{"line":15,"column":null}},"type":"if","locations":[{"start":{"line":13,"column":6},"end":{"line":15,"column":null}},{"start":{},"end":{}}],"line":13},"1":{"loc":{"start":{"line":13,"column":10},"end":{"line":13,"column":116}},"type":"binary-expr","locations":[{"start":{"line":13,"column":10},"end":{"line":13,"column":31}},{"start":{"line":13,"column":31},"end":{"line":13,"column":53}},{"start":{"line":13,"column":53},"end":{"line":13,"column":75}},{"start":{"line":13,"column":75},"end":{"line":13,"column":97}},{"start":{"line":13,"column":97},"end":{"line":13,"column":116}}],"line":13},"2":{"loc":{"start":{"line":16,"column":13},"end":{"line":16,"column":null}},"type":"binary-expr","locations":[{"start":{"line":16,"column":13},"end":{"line":16,"column":36}},{"start":{"line":16,"column":36},"end":{"line":16,"column":null}}],"line":16},"3":{"loc":{"start":{"line":23,"column":2},"end":{"line":26,"column":null}},"type":"if","locations":[{"start":{"line":23,"column":2},"end":{"line":26,"column":null}},{"start":{},"end":{}}],"line":23},"4":{"loc":{"start":{"line":229,"column":2},"end":{"line":279,"column":null}},"type":"if","locations":[{"start":{"line":229,"column":2},"end":{"line":279,"column":null}},{"start":{"line":260,"column":9},"end":{"line":279,"column":null}}],"line":229},"5":{"loc":{"start":{"line":230,"column":4},"end":{"line":232,"column":null}},"type":"if","locations":[{"start":{"line":230,"column":4},"end":{"line":232,"column":null}},{"start":{},"end":{}}],"line":230},"6":{"loc":{"start":{"line":233,"column":4},"end":{"line":235,"column":null}},"type":"if","locations":[{"start":{"line":233,"column":4},"end":{"line":235,"column":null}},{"start":{},"end":{}}],"line":233},"7":{"loc":{"start":{"line":236,"column":4},"end":{"line":238,"column":null}},"type":"if","locations":[{"start":{"line":236,"column":4},"end":{"line":238,"column":null}},{"start":{},"end":{}}],"line":236},"8":{"loc":{"start":{"line":239,"column":4},"end":{"line":241,"column":null}},"type":"if","locations":[{"start":{"line":239,"column":4},"end":{"line":241,"column":null}},{"start":{},"end":{}}],"line":239},"9":{"loc":{"start":{"line":239,"column":8},"end":{"line":239,"column":64}},"type":"binary-expr","locations":[{"start":{"line":239,"column":8},"end":{"line":239,"column":31}},{"start":{"line":239,"column":31},"end":{"line":239,"column":64}}],"line":239},"10":{"loc":{"start":{"line":242,"column":4},"end":{"line":244,"column":null}},"type":"if","locations":[{"start":{"line":242,"column":4},"end":{"line":244,"column":null}},{"start":{},"end":{}}],"line":242},"11":{"loc":{"start":{"line":242,"column":8},"end":{"line":242,"column":86}},"type":"binary-expr","locations":[{"start":{"line":242,"column":8},"end":{"line":242,"column":42}},{"start":{"line":242,"column":42},"end":{"line":242,"column":86}}],"line":242},"12":{"loc":{"start":{"line":245,"column":4},"end":{"line":247,"column":null}},"type":"if","locations":[{"start":{"line":245,"column":4},"end":{"line":247,"column":null}},{"start":{},"end":{}}],"line":245},"13":{"loc":{"start":{"line":248,"column":4},"end":{"line":250,"column":null}},"type":"if","locations":[{"start":{"line":248,"column":4},"end":{"line":250,"column":null}},{"start":{},"end":{}}],"line":248},"14":{"loc":{"start":{"line":248,"column":8},"end":{"line":248,"column":74}},"type":"binary-expr","locations":[{"start":{"line":248,"column":8},"end":{"line":248,"column":36}},{"start":{"line":248,"column":36},"end":{"line":248,"column":74}}],"line":248},"15":{"loc":{"start":{"line":251,"column":4},"end":{"line":253,"column":null}},"type":"if","locations":[{"start":{"line":251,"column":4},"end":{"line":253,"column":null}},{"start":{},"end":{}}],"line":251},"16":{"loc":{"start":{"line":254,"column":4},"end":{"line":256,"column":null}},"type":"if","locations":[{"start":{"line":254,"column":4},"end":{"line":256,"column":null}},{"start":{},"end":{}}],"line":254},"17":{"loc":{"start":{"line":257,"column":4},"end":{"line":259,"column":null}},"type":"if","locations":[{"start":{"line":257,"column":4},"end":{"line":259,"column":null}},{"start":{},"end":{}}],"line":257},"18":{"loc":{"start":{"line":260,"column":9},"end":{"line":279,"column":null}},"type":"if","locations":[{"start":{"line":260,"column":9},"end":{"line":279,"column":null}},{"start":{"line":273,"column":9},"end":{"line":279,"column":null}}],"line":260},"19":{"loc":{"start":{"line":261,"column":4},"end":{"line":263,"column":null}},"type":"if","locations":[{"start":{"line":261,"column":4},"end":{"line":263,"column":null}},{"start":{},"end":{}}],"line":261},"20":{"loc":{"start":{"line":264,"column":4},"end":{"line":266,"column":null}},"type":"if","locations":[{"start":{"line":264,"column":4},"end":{"line":266,"column":null}},{"start":{},"end":{}}],"line":264},"21":{"loc":{"start":{"line":264,"column":8},"end":{"line":264,"column":64}},"type":"binary-expr","locations":[{"start":{"line":264,"column":8},"end":{"line":264,"column":31}},{"start":{"line":264,"column":31},"end":{"line":264,"column":64}}],"line":264},"22":{"loc":{"start":{"line":267,"column":4},"end":{"line":269,"column":null}},"type":"if","locations":[{"start":{"line":267,"column":4},"end":{"line":269,"column":null}},{"start":{},"end":{}}],"line":267},"23":{"loc":{"start":{"line":270,"column":4},"end":{"line":272,"column":null}},"type":"if","locations":[{"start":{"line":270,"column":4},"end":{"line":272,"column":null}},{"start":{},"end":{}}],"line":270},"24":{"loc":{"start":{"line":273,"column":9},"end":{"line":279,"column":null}},"type":"if","locations":[{"start":{"line":273,"column":9},"end":{"line":279,"column":null}},{"start":{},"end":{}}],"line":273},"25":{"loc":{"start":{"line":274,"column":4},"end":{"line":278,"column":null}},"type":"if","locations":[{"start":{"line":274,"column":4},"end":{"line":278,"column":null}},{"start":{},"end":{}}],"line":274},"26":{"loc":{"start":{"line":275,"column":6},"end":{"line":277,"column":null}},"type":"if","locations":[{"start":{"line":275,"column":6},"end":{"line":277,"column":null}},{"start":{},"end":{}}],"line":275},"27":{"loc":{"start":{"line":275,"column":10},"end":{"line":275,"column":103}},"type":"binary-expr","locations":[{"start":{"line":275,"column":10},"end":{"line":275,"column":51}},{"start":{"line":275,"column":51},"end":{"line":275,"column":103}}],"line":275}},"s":{"0":5,"1":5,"2":75,"3":8,"4":67,"5":2,"6":2,"7":1,"8":1,"9":1,"10":5,"11":5,"12":5,"13":5,"14":5,"15":5,"16":5,"17":5,"18":5,"19":5,"20":5,"21":5,"22":5,"23":552,"24":552,"25":380,"26":1,"27":380,"28":1,"29":380,"30":1,"31":380,"32":1,"33":380,"34":1,"35":380,"36":1,"37":380,"38":1,"39":380,"40":1,"41":380,"42":1,"43":380,"44":1,"45":172,"46":54,"47":1,"48":54,"49":1,"50":54,"51":1,"52":54,"53":1,"54":118,"55":66,"56":2,"57":1,"58":5,"59":5,"60":5,"61":5,"62":5,"63":5,"64":5,"65":5},"f":{"0":75,"1":2,"2":552},"b":{"0":[8,67],"1":[75,70,69,68,67],"2":[67,67],"3":[1,1],"4":[380,172],"5":[1,379],"6":[1,379],"7":[1,379],"8":[1,379],"9":[380,379],"10":[1,379],"11":[380,379],"12":[1,379],"13":[1,379],"14":[380,379],"15":[1,379],"16":[1,379],"17":[1,379],"18":[54,118],"19":[1,53],"20":[1,53],"21":[54,53],"22":[1,53],"23":[1,53],"24":[66,52],"25":[2,64],"26":[1,1],"27":[2,1]},"meta":{"lastBranch":28,"lastFunction":3,"lastStatement":66,"seen":{"s:3:26:6:Infinity":0,"s:8:35:19:Infinity":1,"f:11:3:11:Infinity":0,"b:13:6:15:Infinity:undefined:undefined:undefined:undefined":0,"s:13:6:15:Infinity":2,"b:13:10:13:31:13:31:13:53:13:53:13:75:13:75:13:97:13:97:13:116":1,"s:14:8:14:Infinity":3,"s:16:6:16:Infinity":4,"b:16:13:16:36:16:36:16:Infinity":2,"f:21:16:21:36":1,"s:22:17:22:Infinity":5,"b:23:2:26:Infinity:undefined:undefined:undefined:undefined":3,"s:23:2:26:Infinity":6,"s:24:4:24:Infinity":7,"s:25:4:25:Infinity":8,"s:27:2:27:Infinity":9,"s:30:33:43:Infinity":10,"s:45:37:51:Infinity":11,"s:53:34:72:Infinity":12,"s:74:36:92:Infinity":13,"s:94:38:110:Infinity":14,"s:112:35:117:Infinity":15,"s:119:45:123:Infinity":16,"s:125:41:137:Infinity":17,"s:139:41:144:Infinity":18,"s:146:46:150:Infinity":19,"s:152:25:157:Infinity":20,"s:159:36:165:Infinity":21,"s:167:35:280:Infinity":22,"f:227:3:227:16":2,"s:228:25:228:Infinity":23,"b:229:2:279:Infinity:260:9:279:Infinity":4,"s:229:2:279:Infinity":24,"b:230:4:232:Infinity:undefined:undefined:undefined:undefined":5,"s:230:4:232:Infinity":25,"s:231:6:231:Infinity":26,"b:233:4:235:Infinity:undefined:undefined:undefined:undefined":6,"s:233:4:235:Infinity":27,"s:234:6:234:Infinity":28,"b:236:4:238:Infinity:undefined:undefined:undefined:undefined":7,"s:236:4:238:Infinity":29,"s:237:6:237:Infinity":30,"b:239:4:241:Infinity:undefined:undefined:undefined:undefined":8,"s:239:4:241:Infinity":31,"b:239:8:239:31:239:31:239:64":9,"s:240:6:240:Infinity":32,"b:242:4:244:Infinity:undefined:undefined:undefined:undefined":10,"s:242:4:244:Infinity":33,"b:242:8:242:42:242:42:242:86":11,"s:243:6:243:Infinity":34,"b:245:4:247:Infinity:undefined:undefined:undefined:undefined":12,"s:245:4:247:Infinity":35,"s:246:6:246:Infinity":36,"b:248:4:250:Infinity:undefined:undefined:undefined:undefined":13,"s:248:4:250:Infinity":37,"b:248:8:248:36:248:36:248:74":14,"s:249:6:249:Infinity":38,"b:251:4:253:Infinity:undefined:undefined:undefined:undefined":15,"s:251:4:253:Infinity":39,"s:252:6:252:Infinity":40,"b:254:4:256:Infinity:undefined:undefined:undefined:undefined":16,"s:254:4:256:Infinity":41,"s:255:6:255:Infinity":42,"b:257:4:259:Infinity:undefined:undefined:undefined:undefined":17,"s:257:4:259:Infinity":43,"s:258:6:258:Infinity":44,"b:260:9:279:Infinity:273:9:279:Infinity":18,"s:260:9:279:Infinity":45,"b:261:4:263:Infinity:undefined:undefined:undefined:undefined":19,"s:261:4:263:Infinity":46,"s:262:6:262:Infinity":47,"b:264:4:266:Infinity:undefined:undefined:undefined:undefined":20,"s:264:4:266:Infinity":48,"b:264:8:264:31:264:31:264:64":21,"s:265:6:265:Infinity":49,"b:267:4:269:Infinity:undefined:undefined:undefined:undefined":22,"s:267:4:269:Infinity":50,"s:268:6:268:Infinity":51,"b:270:4:272:Infinity:undefined:undefined:undefined:undefined":23,"s:270:4:272:Infinity":52,"s:271:6:271:Infinity":53,"b:273:9:279:Infinity:undefined:undefined:undefined:undefined":24,"s:273:9:279:Infinity":54,"b:274:4:278:Infinity:undefined:undefined:undefined:undefined":25,"s:274:4:278:Infinity":55,"b:275:6:277:Infinity:undefined:undefined:undefined:undefined":26,"s:275:6:277:Infinity":56,"b:275:10:275:51:275:51:275:103":27,"s:276:8:276:Infinity":57,"s:282:39:305:Infinity":58,"s:307:42:313:Infinity":59,"s:315:38:320:Infinity":60,"s:322:35:326:Infinity":61,"s:328:40:333:Infinity":62,"s:335:34:370:Infinity":63,"s:372:35:385:Infinity":64,"s:387:42:408:Infinity":65},"fnNames":{}}}
,"C:\\Users\\cesar\\.gemini\\antigravity\\scratch\\Red de Arquitectura de Industria Afores (RAIA)\\src\\domain\\schemas\\participantSchemas.ts": {"path":"C:\\Users\\cesar\\.gemini\\antigravity\\scratch\\Red de Arquitectura de Industria Afores (RAIA)\\src\\domain\\schemas\\participantSchemas.ts","statementMap":{"0":{"start":{"line":3,"column":37},"end":{"line":22,"column":null}},"1":{"start":{"line":24,"column":41},"end":{"line":32,"column":null}}},"fnMap":{},"branchMap":{},"s":{"0":5,"1":5},"f":{},"b":{},"meta":{"lastBranch":0,"lastFunction":0,"lastStatement":2,"seen":{"s:3:37:22:Infinity":0,"s:24:41:32:Infinity":1},"fnNames":{}}}
,"C:\\Users\\cesar\\.gemini\\antigravity\\scratch\\Red de Arquitectura de Industria Afores (RAIA)\\src\\domain\\schemas\\regulatorySchemas.ts": {"path":"C:\\Users\\cesar\\.gemini\\antigravity\\scratch\\Red de Arquitectura de Industria Afores (RAIA)\\src\\domain\\schemas\\regulatorySchemas.ts","statementMap":{"0":{"start":{"line":3,"column":42},"end":{"line":15,"column":null}},"1":{"start":{"line":17,"column":44},"end":{"line":23,"column":null}},"2":{"start":{"line":25,"column":38},"end":{"line":29,"column":null}},"3":{"start":{"line":31,"column":23},"end":{"line":39,"column":null}},"4":{"start":{"line":41,"column":43},"end":{"line":58,"column":null}},"5":{"start":{"line":45,"column":6},"end":{"line":55,"column":null}},"6":{"start":{"line":46,"column":23},"end":{"line":46,"column":null}},"7":{"start":{"line":47,"column":8},"end":{"line":47,"column":null}},"8":{"start":{"line":47,"column":42},"end":{"line":47,"column":null}},"9":{"start":{"line":48,"column":8},"end":{"line":48,"column":null}},"10":{"start":{"line":48,"column":48},"end":{"line":48,"column":null}},"11":{"start":{"line":49,"column":8},"end":{"line":49,"column":null}},"12":{"start":{"line":49,"column":72},"end":{"line":49,"column":null}},"13":{"start":{"line":51,"column":25},"end":{"line":51,"column":null}},"14":{"start":{"line":52,"column":8},"end":{"line":52,"column":null}},"15":{"start":{"line":52,"column":47},"end":{"line":52,"column":101}},"16":{"start":{"line":54,"column":8},"end":{"line":54,"column":null}},"17":{"start":{"line":60,"column":38},"end":{"line":84,"column":null}},"18":{"start":{"line":86,"column":36},"end":{"line":98,"column":null}},"19":{"start":{"line":100,"column":35},"end":{"line":105,"column":null}},"20":{"start":{"line":107,"column":45},"end":{"line":112,"column":null}},"21":{"start":{"line":114,"column":39},"end":{"line":142,"column":null}},"22":{"start":{"line":144,"column":45},"end":{"line":164,"column":null}}},"fnMap":{"0":{"name":"(anonymous_0)","decl":{"start":{"line":43,"column":3},"end":{"line":43,"column":null}},"loc":{"start":{"line":44,"column":13},"end":{"line":56,"column":null}},"line":44},"1":{"name":"(anonymous_1)","decl":{"start":{"line":52,"column":30},"end":{"line":52,"column":36}},"loc":{"start":{"line":52,"column":47},"end":{"line":52,"column":101}},"line":52}},"branchMap":{"0":{"loc":{"start":{"line":47,"column":8},"end":{"line":47,"column":null}},"type":"if","locations":[{"start":{"line":47,"column":8},"end":{"line":47,"column":null}},{"start":{},"end":{}}],"line":47},"1":{"loc":{"start":{"line":48,"column":8},"end":{"line":48,"column":null}},"type":"if","locations":[{"start":{"line":48,"column":8},"end":{"line":48,"column":null}},{"start":{},"end":{}}],"line":48},"2":{"loc":{"start":{"line":48,"column":12},"end":{"line":48,"column":48}},"type":"binary-expr","locations":[{"start":{"line":48,"column":12},"end":{"line":48,"column":31}},{"start":{"line":48,"column":31},"end":{"line":48,"column":48}}],"line":48},"3":{"loc":{"start":{"line":49,"column":8},"end":{"line":49,"column":null}},"type":"if","locations":[{"start":{"line":49,"column":8},"end":{"line":49,"column":null}},{"start":{},"end":{}}],"line":49},"4":{"loc":{"start":{"line":49,"column":12},"end":{"line":49,"column":72}},"type":"binary-expr","locations":[{"start":{"line":49,"column":12},"end":{"line":49,"column":27}},{"start":{"line":49,"column":27},"end":{"line":49,"column":49}},{"start":{"line":49,"column":49},"end":{"line":49,"column":72}}],"line":49},"5":{"loc":{"start":{"line":52,"column":47},"end":{"line":52,"column":101}},"type":"binary-expr","locations":[{"start":{"line":52,"column":47},"end":{"line":52,"column":70}},{"start":{"line":52,"column":70},"end":{"line":52,"column":101}}],"line":52}},"s":{"0":5,"1":5,"2":5,"3":5,"4":5,"5":29,"6":29,"7":29,"8":1,"9":28,"10":1,"11":27,"12":1,"13":26,"14":26,"15":55,"16":0,"17":5,"18":5,"19":5,"20":5,"21":5,"22":5},"f":{"0":29,"1":55},"b":{"0":[1,28],"1":[1,27],"2":[28,27],"3":[1,26],"4":[27,1,1],"5":[55,44]},"meta":{"lastBranch":6,"lastFunction":2,"lastStatement":23,"seen":{"s:3:42:15:Infinity":0,"s:17:44:23:Infinity":1,"s:25:38:29:Infinity":2,"s:31:23:39:Infinity":3,"s:41:43:58:Infinity":4,"f:43:3:43:Infinity":0,"s:45:6:55:Infinity":5,"s:46:23:46:Infinity":6,"b:47:8:47:Infinity:undefined:undefined:undefined:undefined":0,"s:47:8:47:Infinity":7,"s:47:42:47:Infinity":8,"b:48:8:48:Infinity:undefined:undefined:undefined:undefined":1,"s:48:8:48:Infinity":9,"b:48:12:48:31:48:31:48:48":2,"s:48:48:48:Infinity":10,"b:49:8:49:Infinity:undefined:undefined:undefined:undefined":3,"s:49:8:49:Infinity":11,"b:49:12:49:27:49:27:49:49:49:49:49:72":4,"s:49:72:49:Infinity":12,"s:51:25:51:Infinity":13,"s:52:8:52:Infinity":14,"f:52:30:52:36":1,"s:52:47:52:101":15,"b:52:47:52:70:52:70:52:101":5,"s:54:8:54:Infinity":16,"s:60:38:84:Infinity":17,"s:86:36:98:Infinity":18,"s:100:35:105:Infinity":19,"s:107:45:112:Infinity":20,"s:114:39:142:Infinity":21,"s:144:45:164:Infinity":22},"fnNames":{}}}
}
